#
# A fatal error has been detected by the Java Runtime Environment:
#
#  SIGSEGV (0xb) at pc=0x00007fff8ab4a8f2, pid=14579, tid=0x0000000000000713
#
# JRE version: Java(TM) SE Runtime Environment (8.0_131-b11) (build 1.8.0_131-b11)
# Java VM: Java HotSpot(TM) 64-Bit Server VM (25.131-b11 mixed mode bsd-amd64 compressed oops)
# Problematic frame:
# C  [libGPUSupportMercury.dylib+0xb8f2]  gldAttachDrawable+0x60
#
# Failed to write core dump. Core dumps have been disabled. To enable core dumping, try "ulimit -c unlimited" before starting Java again
#
# If you would like to submit a bug report, please visit:
#   http://bugreport.java.com/bugreport/crash.jsp
# The crash happened outside the Java Virtual Machine in native code.
# See problematic frame for where to report the bug.
#

---------------  T H R E A D  ---------------

Current thread (0x00007ff9048cd800):  JavaThread "AppKit Thread" daemon [_thread_in_native, id=1811, stack(0x00007fff4f91f000,0x00007fff5011f000)]

siginfo: si_signo: 11 (SIGSEGV), si_code: 0 (unknown), si_addr: 0x0000000000000000

Registers:
RAX=0x6000000000000000, RBX=0x000000000000271e, RCX=0x0000000000000000, RDX=0x00007ff903cdb268
RSP=0x00007fff501186f0, RBP=0x00007fff501187f0, RSI=0x0000000000000050, RDI=0x00007fff7a8af070
R8 =0x00007ff907009e60, R9 =0x00007ff906800000, R10=0x000000000000003c, R11=0x0000000000000206
R12=0x0000000000002718, R13=0x00007ff9049e7e00, R14=0x0000000000000050, R15=0x0000000000000000
RIP=0x00007fff8ab4a8f2, EFLAGS=0x0000000000010212, ERR=0x0000000000000000
  TRAPNO=0x000000000000000d

Top of Stack: (sp=0x00007fff501186f0)
0x00007fff501186f0:   00007fff50118764 00007ff903d50990
0x00007fff50118700:   ffffffffffffffff 0000206000000040
0x00007fff50118710:   00007ff903d509a8 00007fff956c364f
0x00007fff50118720:   0000000000000000 6000000000000000
0x00007fff50118730:   0000000300000003 00007fff50118878
0x00007fff50118740:   00007fff50118804 0000000000022513
0x00007fff50118750:   00007fff501187fc 00007fff50118800
0x00007fff50118760:   00007fff501187e0 00007fff96112541
0x00007fff50118770:   0000000000000000 0000000000001317
0x00007fff50118780:   0000003400001200 0000040b00000000
0x00007fff50118790:   00007fff501187c0 00007fff960a8c5c
0x00007fff501187a0:   00007fff501187f0 0000000000001317
0x00007fff501187b0:   00000000042731c0 0000000022224c1e
0x00007fff501187c0:   1100f49498f1f534 00007ff907000000
0x00007fff501187d0:   0000000000002718 0000000000000000
0x00007fff501187e0:   0000000000000050 0000000000000000
0x00007fff501187f0:   00007fff50118840 00007fff91e387e8
0x00007fff50118800:   00007ff907009e60 0000000000000000
0x00007fff50118810:   00007ff903cdb268 00007ff903da2d60
0x00007fff50118820:   0000000000000000 00007ff9049e5d50
0x00007fff50118830:   00007ff9049e3e00 00007fff7a8af070
0x00007fff50118840:   00007fff50118930 00007fff97c14870
0x00007fff50118850:   4089000000000000 0000000000000000
0x00007fff50118860:   4037000000000000 4094000000000000
0x00007fff50118870:   4088280000000000 0000000000000000
0x00007fff50118880:   4036000000000000 4094000000000000
0x00007fff50118890:   4087780000000000 0000000000000000
0x00007fff501188a0:   0000000000000000 0000000000000001
0x00007fff501188b0:   00007ff903cdb268 0000000000000001
0x00007fff501188c0:   00007fff50118930 00007fff97c1966b
0x00007fff501188d0:   0000000100000003 00007ff9049e5d50
0x00007fff501188e0:   00007ff9049e5c88 000000028a9dffff 

Instructions: (pc=0x00007fff8ab4a8f2)
0x00007fff8ab4a8d2:   48 85 d2 b8 01 00 00 00 bb 15 27 00 00 0f 44 d8
0x00007fff8ab4a8e2:   e9 7f 01 00 00 49 8b 45 08 48 89 85 38 ff ff ff
0x00007fff8ab4a8f2:   48 8b 00 48 89 85 30 ff ff ff 83 fe 4f 0f 8f fd
0x00007fff8ab4a902:   00 00 00 48 89 d0 bb 15 27 00 00 83 fe 35 0f 84 

Register to memory mapping:

RAX=0x6000000000000000 is an unknown value
RBX=0x000000000000271e is an unknown value
RCX=0x0000000000000000 is an unknown value
RDX=0x00007ff903cdb268 is an unknown value
RSP=0x00007fff501186f0 is pointing into the stack for thread: 0x00007ff9048cd800
RBP=0x00007fff501187f0 is pointing into the stack for thread: 0x00007ff9048cd800
RSI=0x0000000000000050 is an unknown value
RDI=0x00007fff7a8af070: __stack_chk_guard+0 in /usr/lib/system/libsystem_c.dylib at 0x00007fff97705000
R8 =0x00007ff907009e60 is an unknown value
R9 =0x00007ff906800000 is an unknown value
R10=0x000000000000003c is an unknown value
R11=0x0000000000000206 is an unknown value
R12=0x0000000000002718 is an unknown value
R13=0x00007ff9049e7e00 is an unknown value
R14=0x0000000000000050 is an unknown value
R15=0x0000000000000000 is an unknown value


Stack: [0x00007fff4f91f000,0x00007fff5011f000],  sp=0x00007fff501186f0,  free space=8165k
Native frames: (J=compiled Java code, j=interpreted, Vv=VM code, C=native code)
C  [libGPUSupportMercury.dylib+0xb8f2]  gldAttachDrawable+0x60
C  [GLEngine+0x167e8]  gliAttachDrawableWithOptions+0x101
C  [OpenGL+0x3870]  glcGetIOAccelService+0xe03
C  [OpenGL+0x7412]  CGLSetPBuffer+0xb90
C  [OpenGL+0x7735]  CGLSetSurface+0x124
C  [AppKit+0x332c34]  NSOpenGLContextAttachOnScreenViewSurface+0x109
C  [AppKit+0x31db7c]  -[NSOpenGLContext setView:]+0x83
C  [liblwjgl.dylib+0xa586]  -[MacOSXOpenGLView lockFocus]+0x76
C  [AppKit+0xe1f45]  -[NSView _recursiveDisplayRectIfNeededIgnoringOpacity:isVisibleRect:rectIsVisibleRectForView:topView:]+0x740
C  [AppKit+0xe2fa0]  -[NSView _recursiveDisplayRectIfNeededIgnoringOpacity:isVisibleRect:rectIsVisibleRectForView:topView:]+0x179b
C  [AppKit+0xe12f3]  -[NSThemeFrame _recursiveDisplayRectIfNeededIgnoringOpacity:isVisibleRect:rectIsVisibleRectForView:topView:]+0x14d
C  [AppKit+0xdd68b]  -[NSView _displayRectIgnoringOpacity:isVisibleRect:rectIsVisibleRectForView:]+0xac9
C  [AppKit+0x951ae]  -[NSView displayIfNeeded]+0x754
C  [AppKit+0x94a09]  -[NSWindow displayIfNeeded]+0xec
C  [AppKit+0x94672]  _handleWindowNeedsDisplayOrLayoutOrUpdateConstraints+0x3a8
C  [Foundation+0x4ba23]  __NSFireTimer+0x5f
C  [CoreFoundation+0xb72e4]  __CFRUNLOOP_IS_CALLING_OUT_TO_A_TIMER_CALLBACK_FUNCTION__+0x14
C  [CoreFoundation+0xb6f73]  __CFRunLoopDoTimer+0x423
C  [CoreFoundation+0x12a53d]  __CFRunLoopDoTimers+0x12d
C  [CoreFoundation+0x72608]  __CFRunLoopRun+0x7e8
C  [CoreFoundation+0x71bd8]  CFRunLoopRunSpecific+0x128
C  [HIToolbox+0x3256f]  RunCurrentEventLoopInMode+0xeb
C  [HIToolbox+0x322ea]  ReceiveNextEventCommon+0x1af
C  [HIToolbox+0x3212b]  _BlockUntilNextEventMatchingListInModeWithFilter+0x47
C  [AppKit+0x918ab]  _DPSNextEvent+0x3d2
C  [AppKit+0x90e58]  -[NSApplication nextEventMatchingMask:untilDate:inMode:dequeue:]+0x15a
C  [libosxapp.dylib+0x23aa]  -[NSApplicationAWT nextEventMatchingMask:untilDate:inMode:dequeue:]+0x7c
C  [AppKit+0x86af3]  -[NSApplication run]+0x252
C  [libosxapp.dylib+0x214d]  +[NSApplicationAWT runAWTLoopWithApp:]+0x9c
C  [libawt_lwawt.dylib+0x45edf]  -[AWTStarter starter:]+0x389
C  [Foundation+0x92dd0]  __NSThreadPerformPerform+0x125
C  [CoreFoundation+0x80a01]  __CFRUNLOOP_IS_CALLING_OUT_TO_A_SOURCE0_PERFORM_FUNCTION__+0x11
C  [CoreFoundation+0x72b8d]  __CFRunLoopDoSources0+0x10d
C  [CoreFoundation+0x721bf]  __CFRunLoopRun+0x39f
C  [CoreFoundation+0x71bd8]  CFRunLoopRunSpecific+0x128
C  [java+0x6465]  CreateExecutionEnvironment+0x367
C  [java+0x218c]  JLI_Launch+0x7a0
C  [java+0x84c2]  main+0x65
C  [java+0x19e4]  start+0x34
C  0x0000000000000005


---------------  P R O C E S S  ---------------

Java Threads: ( => current thread )
  0x00007ff90452c800 JavaThread "AWT-Shutdown" [_thread_blocked, id=28443, stack(0x00000001272bb000,0x00000001273bb000)]
  0x00007ff90414a800 JavaThread "DestroyJavaVM" [_thread_blocked, id=4867, stack(0x00000001113a4000,0x00000001114a4000)]
  0x00007ff90496f000 JavaThread "LWJGL Application" [_thread_in_native, id=62979, stack(0x000000012b6bc000,0x000000012b7bc000)]
=>0x00007ff9048cd800 JavaThread "AppKit Thread" daemon [_thread_in_native, id=1811, stack(0x00007fff4f91f000,0x00007fff5011f000)]
  0x00007ff90483b800 JavaThread "Service Thread" daemon [_thread_blocked, id=18179, stack(0x0000000126d3b000,0x0000000126e3b000)]
  0x00007ff905815800 JavaThread "C1 CompilerThread2" daemon [_thread_blocked, id=17667, stack(0x0000000126c38000,0x0000000126d38000)]
  0x00007ff905815000 JavaThread "C2 CompilerThread1" daemon [_thread_blocked, id=17155, stack(0x0000000126b35000,0x0000000126c35000)]
  0x00007ff905813000 JavaThread "C2 CompilerThread0" daemon [_thread_blocked, id=16643, stack(0x0000000126a32000,0x0000000126b32000)]
  0x00007ff904016000 JavaThread "Signal Dispatcher" daemon [_thread_blocked, id=13335, stack(0x000000012692f000,0x0000000126a2f000)]
  0x00007ff90482e000 JavaThread "Finalizer" daemon [_thread_blocked, id=11523, stack(0x0000000124f07000,0x0000000125007000)]
  0x00007ff904006000 JavaThread "Reference Handler" daemon [_thread_blocked, id=11011, stack(0x0000000124e04000,0x0000000124f04000)]

Other Threads:
  0x00007ff90580d000 VMThread [stack: 0x0000000124d01000,0x0000000124e01000] [id=10499]
  0x00007ff905013000 WatcherThread [stack: 0x0000000126e3e000,0x0000000126f3e000] [id=18691]

VM state:not at safepoint (normal execution)

VM Mutex/Monitor currently owned by a thread: None

Heap:
 PSYoungGen      total 18944K, used 12085K [0x00000007aab00000, 0x00000007ac000000, 0x00000007c0000000)
  eden space 16384K, 58% used [0x00000007aab00000,0x00000007ab452c98,0x00000007abb00000)
  from space 2560K, 99% used [0x00000007abd80000,0x00000007abffa9c0,0x00000007ac000000)
  to   space 2560K, 0% used [0x00000007abb00000,0x00000007abb00000,0x00000007abd80000)
 ParOldGen       total 44032K, used 2620K [0x0000000780000000, 0x0000000782b00000, 0x00000007aab00000)
  object space 44032K, 5% used [0x0000000780000000,0x000000078028f120,0x0000000782b00000)
 Metaspace       used 10583K, capacity 10761K, committed 10880K, reserved 1058816K
  class space    used 1068K, capacity 1145K, committed 1152K, reserved 1048576K

Card table byte_map: [0x00000001208ba000,0x0000000120abb000] byte_map_base: 0x000000011ccba000

Marking Bits: (ParMarkBitMap*) 0x0000000110cf1ea0
 Begin Bits: [0x000000012101d000, 0x000000012201d000)
 End Bits:   [0x000000012201d000, 0x000000012301d000)

Polling page: 0x000000010fbf7000

CodeCache: size=245760Kb used=5943Kb max_used=5954Kb free=239816Kb
 bounds [0x00000001114fa000, 0x0000000111ada000, 0x00000001204fa000]
 total_blobs=2219 nmethods=1704 adapters=428
 compilation: enabled

Compilation events (10 events):
Event: 20.602 Thread 0x00007ff905815000 1699       4       java.nio.ByteBuffer::order (48 bytes)
Event: 20.603 Thread 0x00007ff905815000 nmethod 1699 0x0000000111abead0 code [0x0000000111abec20, 0x0000000111abecb8]
Event: 20.634 Thread 0x00007ff905815800 1700       1       com.badlogic.gdx.utils.viewport.Viewport::getScreenWidth (5 bytes)
Event: 20.634 Thread 0x00007ff905815800 nmethod 1700 0x0000000111ac4610 code [0x0000000111ac4760, 0x0000000111ac4870]
Event: 20.634 Thread 0x00007ff905815800 1701       1       com.badlogic.gdx.utils.viewport.Viewport::getScreenHeight (5 bytes)
Event: 20.634 Thread 0x00007ff905815800 nmethod 1701 0x0000000111abc090 code [0x0000000111abc1e0, 0x0000000111abc2f0]
Event: 20.853 Thread 0x00007ff905813000 1702       4       com.badlogic.gdx.scenes.scene2d.ui.Table::hit (63 bytes)
Event: 20.858 Thread 0x00007ff905813000 nmethod 1702 0x0000000111acd5d0 code [0x0000000111acd7a0, 0x0000000111acdd78]
Event: 20.920 Thread 0x00007ff905815000 1703       4       com.badlogic.gdx.math.Affine2::preMul (170 bytes)
Event: 20.921 Thread 0x00007ff905815000 nmethod 1703 0x0000000111ac5090 code [0x0000000111ac51e0, 0x0000000111ac52f8]

GC Heap History (4 events):
Event: 1.064 GC heap before
{Heap before GC invocations=1 (full 0):
 PSYoungGen      total 18944K, used 16384K [0x00000007aab00000, 0x00000007ac000000, 0x00000007c0000000)
  eden space 16384K, 100% used [0x00000007aab00000,0x00000007abb00000,0x00000007abb00000)
  from space 2560K, 0% used [0x00000007abd80000,0x00000007abd80000,0x00000007ac000000)
  to   space 2560K, 0% used [0x00000007abb00000,0x00000007abb00000,0x00000007abd80000)
 ParOldGen       total 44032K, used 0K [0x0000000780000000, 0x0000000782b00000, 0x00000007aab00000)
  object space 44032K, 0% used [0x0000000780000000,0x0000000780000000,0x0000000782b00000)
 Metaspace       used 8438K, capacity 8579K, committed 8832K, reserved 1056768K
  class space    used 841K, capacity 888K, committed 896K, reserved 1048576K
Event: 1.069 GC heap after
Heap after GC invocations=1 (full 0):
 PSYoungGen      total 18944K, used 2539K [0x00000007aab00000, 0x00000007ac000000, 0x00000007c0000000)
  eden space 16384K, 0% used [0x00000007aab00000,0x00000007aab00000,0x00000007abb00000)
  from space 2560K, 99% used [0x00000007abb00000,0x00000007abd7ace0,0x00000007abd80000)
  to   space 2560K, 0% used [0x00000007abd80000,0x00000007abd80000,0x00000007ac000000)
 ParOldGen       total 44032K, used 870K [0x0000000780000000, 0x0000000782b00000, 0x00000007aab00000)
  object space 44032K, 1% used [0x0000000780000000,0x00000007800d98e8,0x0000000782b00000)
 Metaspace       used 8438K, capacity 8579K, committed 8832K, reserved 1056768K
  class space    used 841K, capacity 888K, committed 896K, reserved 1048576K
}
Event: 7.846 GC heap before
{Heap before GC invocations=2 (full 0):
 PSYoungGen      total 18944K, used 18923K [0x00000007aab00000, 0x00000007ac000000, 0x00000007c0000000)
  eden space 16384K, 100% used [0x00000007aab00000,0x00000007abb00000,0x00000007abb00000)
  from space 2560K, 99% used [0x00000007abb00000,0x00000007abd7ace0,0x00000007abd80000)
  to   space 2560K, 0% used [0x00000007abd80000,0x00000007abd80000,0x00000007ac000000)
 ParOldGen       total 44032K, used 870K [0x0000000780000000, 0x0000000782b00000, 0x00000007aab00000)
  object space 44032K, 1% used [0x0000000780000000,0x00000007800d98e8,0x0000000782b00000)
 Metaspace       used 10477K, capacity 10633K, committed 10880K, reserved 1058816K
  class space    used 1062K, capacity 1145K, committed 1152K, reserved 1048576K
Event: 7.854 GC heap after
Heap after GC invocations=2 (full 0):
 PSYoungGen      total 18944K, used 2538K [0x00000007aab00000, 0x00000007ac000000, 0x00000007c0000000)
  eden space 16384K, 0% used [0x00000007aab00000,0x00000007aab00000,0x00000007abb00000)
  from space 2560K, 99% used [0x00000007abd80000,0x00000007abffa9c0,0x00000007ac000000)
  to   space 2560K, 0% used [0x00000007abb00000,0x00000007abb00000,0x00000007abd80000)
 ParOldGen       total 44032K, used 2620K [0x0000000780000000, 0x0000000782b00000, 0x00000007aab00000)
  object space 44032K, 5% used [0x0000000780000000,0x000000078028f120,0x0000000782b00000)
 Metaspace       used 10477K, capacity 10633K, committed 10880K, reserved 1058816K
  class space    used 1062K, capacity 1145K, committed 1152K, reserved 1048576K
}

Deoptimization events (10 events):
Event: 0.802 Thread 0x00007ff90496f000 Uncommon trap: reason=unstable_if action=reinterpret pc=0x00000001116b45dc method=java.lang.String.replace(CC)Ljava/lang/String; @ 26
Event: 1.206 Thread 0x00007ff90496f000 Uncommon trap: reason=array_check action=maybe_recompile pc=0x00000001117e1734 method=com.badlogic.gdx.utils.Array.add(Ljava/lang/Object;)V @ 46
Event: 1.207 Thread 0x00007ff90496f000 Uncommon trap: reason=array_check action=maybe_recompile pc=0x00000001117e1734 method=com.badlogic.gdx.utils.Array.add(Ljava/lang/Object;)V @ 46
Event: 1.207 Thread 0x00007ff90496f000 Uncommon trap: reason=array_check action=maybe_recompile pc=0x00000001117e1734 method=com.badlogic.gdx.utils.Array.add(Ljava/lang/Object;)V @ 46
Event: 1.207 Thread 0x00007ff90496f000 Uncommon trap: reason=array_check action=maybe_recompile pc=0x00000001117e1734 method=com.badlogic.gdx.utils.Array.add(Ljava/lang/Object;)V @ 46
Event: 1.919 Thread 0x00007ff90496f000 Uncommon trap: reason=unstable_if action=reinterpret pc=0x000000011186875c method=com.badlogic.gdx.math.Intersector.intersectSegments(Lcom/badlogic/gdx/math/Vector2;Lcom/badlogic/gdx/math/Vector2;Lcom/badlogic/gdx/math/Vector2;Lcom/badlogic/gdx/math/Vecto
Event: 1.921 Thread 0x00007ff90496f000 Uncommon trap: reason=unstable_if action=reinterpret pc=0x00000001118681c0 method=com.badlogic.gdx.math.Intersector.intersectSegments(Lcom/badlogic/gdx/math/Vector2;Lcom/badlogic/gdx/math/Vector2;Lcom/badlogic/gdx/math/Vector2;Lcom/badlogic/gdx/math/Vecto
Event: 7.696 Thread 0x00007ff90496f000 Uncommon trap: reason=unstable_if action=reinterpret pc=0x0000000111993718 method=com.badlogic.gdx.graphics.Color.clamp()Lcom/badlogic/gdx/graphics/Color; @ 54
Event: 20.985 Thread 0x00007ff90496f000 Uncommon trap: reason=unstable_if action=reinterpret pc=0x0000000111a07494 method=com.badlogic.gdx.utils.Array.iterator()Ljava/util/Iterator; @ 4
Event: 20.985 Thread 0x00007ff90496f000 Uncommon trap: reason=unstable_if action=reinterpret pc=0x0000000111a27410 method=com.badlogic.gdx.utils.Array$ArrayIterable.iterator()Ljava/util/Iterator; @ 4

Internal exceptions (10 events):
Event: 0.495 Thread 0x00007ff905007000 Exception <a 'java/io/FileNotFoundException'> (0x00000007aafb4f30) thrown at [/Users/java_re/workspace/8-2-build-macosx-x86_64/jdk8u131/8869/hotspot/src/share/vm/prims/jni.cpp, line 709]
Event: 0.496 Thread 0x00007ff905007000 Exception <a 'java/io/FileNotFoundException'> (0x00000007aafb5a90) thrown at [/Users/java_re/workspace/8-2-build-macosx-x86_64/jdk8u131/8869/hotspot/src/share/vm/prims/jni.cpp, line 709]
Event: 0.512 Thread 0x00007ff905007000 Exception <a 'java/security/PrivilegedActionException'> (0x00000007aafcb568) thrown at [/Users/java_re/workspace/8-2-build-macosx-x86_64/jdk8u131/8869/hotspot/src/share/vm/prims/jvm.cpp, line 1390]
Event: 0.512 Thread 0x00007ff905007000 Exception <a 'java/security/PrivilegedActionException'> (0x00000007aafcd150) thrown at [/Users/java_re/workspace/8-2-build-macosx-x86_64/jdk8u131/8869/hotspot/src/share/vm/prims/jvm.cpp, line 1390]
Event: 0.512 Thread 0x00007ff905007000 Exception <a 'java/security/PrivilegedActionException'> (0x00000007aafce270) thrown at [/Users/java_re/workspace/8-2-build-macosx-x86_64/jdk8u131/8869/hotspot/src/share/vm/prims/jvm.cpp, line 1390]
Event: 0.513 Thread 0x00007ff905007000 Exception <a 'java/security/PrivilegedActionException'> (0x00000007aafd3390) thrown at [/Users/java_re/workspace/8-2-build-macosx-x86_64/jdk8u131/8869/hotspot/src/share/vm/prims/jvm.cpp, line 1390]
Event: 0.513 Thread 0x00007ff905007000 Exception <a 'java/security/PrivilegedActionException'> (0x00000007aafd3fe8) thrown at [/Users/java_re/workspace/8-2-build-macosx-x86_64/jdk8u131/8869/hotspot/src/share/vm/prims/jvm.cpp, line 1390]
Event: 0.513 Thread 0x00007ff905007000 Exception <a 'java/security/PrivilegedActionException'> (0x00000007aafd4c10) thrown at [/Users/java_re/workspace/8-2-build-macosx-x86_64/jdk8u131/8869/hotspot/src/share/vm/prims/jvm.cpp, line 1390]
Event: 20.985 Thread 0x00007ff90496f000 Implicit null exception at 0x0000000111a07410 to 0x0000000111a07481
Event: 20.985 Thread 0x00007ff90496f000 Implicit null exception at 0x0000000111a27390 to 0x0000000111a273fd

Events (10 events):
Event: 20.984 loading class com/badlogic/gdx/backends/lwjgl/LwjglApplication$2
Event: 20.984 loading class com/badlogic/gdx/backends/lwjgl/LwjglApplication$2 done
Event: 20.985 Thread 0x00007ff90496f000 Uncommon trap: trap_request=0xffffff65 fr.pc=0x0000000111a07494
Event: 20.985 Thread 0x00007ff90496f000 DEOPT PACKING pc=0x0000000111a07494 sp=0x000000012b7bb810
Event: 20.985 Thread 0x00007ff90496f000 DEOPT UNPACKING pc=0x00000001114ff229 sp=0x000000012b7bb7d8 mode 2
Event: 20.985 Thread 0x00007ff90496f000 Uncommon trap: trap_request=0xffffff65 fr.pc=0x0000000111a27410
Event: 20.985 Thread 0x00007ff90496f000 DEOPT PACKING pc=0x0000000111a27410 sp=0x000000012b7bb7b0
Event: 20.985 Thread 0x00007ff90496f000 DEOPT UNPACKING pc=0x00000001114ff229 sp=0x000000012b7bb778 mode 2
Event: 20.993 loading class org/lwjgl/opengl/CallbackUtil
Event: 20.993 loading class org/lwjgl/opengl/CallbackUtil done


Dynamic libraries:
0x0000000008407000 	/System/Library/Frameworks/Cocoa.framework/Versions/A/Cocoa
0x0000000008407000 	/System/Library/Frameworks/Security.framework/Versions/A/Security
0x0000000008407000 	/System/Library/Frameworks/ApplicationServices.framework/Versions/A/ApplicationServices
0x0000000008407000 	/usr/lib/libz.1.dylib
0x0000000008407000 	/usr/lib/libSystem.B.dylib
0x0000000008407000 	/usr/lib/libobjc.A.dylib
0x0000000008407000 	/System/Library/Frameworks/CoreFoundation.framework/Versions/A/CoreFoundation
0x0000000008407000 	/System/Library/Frameworks/Foundation.framework/Versions/C/Foundation
0x0000000008407000 	/System/Library/Frameworks/AppKit.framework/Versions/C/AppKit
0x0000000008407000 	/System/Library/Frameworks/CoreData.framework/Versions/A/CoreData
0x0000000008407000 	/System/Library/PrivateFrameworks/RemoteViewServices.framework/Versions/A/RemoteViewServices
0x0000000008407000 	/System/Library/PrivateFrameworks/UIFoundation.framework/Versions/A/UIFoundation
0x0000000008407000 	/System/Library/Frameworks/IOSurface.framework/Versions/A/IOSurface
0x0000000008407000 	/System/Library/Frameworks/AudioToolbox.framework/Versions/A/AudioToolbox
0x0000000008407000 	/System/Library/Frameworks/AudioUnit.framework/Versions/A/AudioUnit
0x0000000008407000 	/System/Library/PrivateFrameworks/DataDetectorsCore.framework/Versions/A/DataDetectorsCore
0x0000000008407000 	/System/Library/PrivateFrameworks/DesktopServicesPriv.framework/Versions/A/DesktopServicesPriv
0x0000000008407000 	/System/Library/Frameworks/Carbon.framework/Versions/A/Frameworks/HIToolbox.framework/Versions/A/HIToolbox
0x0000000008407000 	/System/Library/Frameworks/QuartzCore.framework/Versions/A/QuartzCore
0x0000000008407000 	/System/Library/Frameworks/Carbon.framework/Versions/A/Frameworks/SpeechRecognition.framework/Versions/A/SpeechRecognition
0x0000000008407000 	/usr/lib/libauto.dylib
0x0000000008407000 	/usr/lib/libicucore.A.dylib
0x0000000008407000 	/usr/lib/libxml2.2.dylib
0x0000000008407000 	/System/Library/PrivateFrameworks/CoreUI.framework/Versions/A/CoreUI
0x0000000008407000 	/System/Library/Frameworks/CoreAudio.framework/Versions/A/CoreAudio
0x0000000008407000 	/System/Library/Frameworks/DiskArbitration.framework/Versions/A/DiskArbitration
0x0000000008407000 	/usr/lib/liblangid.dylib
0x0000000008407000 	/System/Library/PrivateFrameworks/MultitouchSupport.framework/Versions/A/MultitouchSupport
0x0000000008407000 	/System/Library/Frameworks/IOKit.framework/Versions/A/IOKit
0x0000000008407000 	/usr/lib/libDiagnosticMessagesClient.dylib
0x0000000008407000 	/System/Library/Frameworks/CoreServices.framework/Versions/A/CoreServices
0x0000000008407000 	/System/Library/PrivateFrameworks/PerformanceAnalysis.framework/Versions/A/PerformanceAnalysis
0x0000000008407000 	/System/Library/PrivateFrameworks/GenerationalStorage.framework/Versions/A/GenerationalStorage
0x0000000008407000 	/System/Library/Frameworks/OpenGL.framework/Versions/A/OpenGL
0x0000000008407000 	/System/Library/PrivateFrameworks/Sharing.framework/Versions/A/Sharing
0x0000000008407000 	/System/Library/Frameworks/CoreGraphics.framework/Versions/A/CoreGraphics
0x0000000008407000 	/System/Library/Frameworks/CoreText.framework/Versions/A/CoreText
0x0000000008407000 	/System/Library/Frameworks/ImageIO.framework/Versions/A/ImageIO
0x0000000008407000 	/usr/lib/libextension.dylib
0x0000000008407000 	/System/Library/PrivateFrameworks/Backup.framework/Versions/A/Backup
0x0000000008407000 	/usr/lib/libarchive.2.dylib
0x0000000008407000 	/System/Library/Frameworks/CFNetwork.framework/Versions/A/CFNetwork
0x0000000008407000 	/System/Library/Frameworks/SystemConfiguration.framework/Versions/A/SystemConfiguration
0x0000000008407000 	/usr/lib/libCRFSuite.dylib
0x0000000008407000 	/usr/lib/libc++.1.dylib
0x0000000008407000 	/usr/lib/libc++abi.dylib
0x0000000008407000 	/usr/lib/system/libcache.dylib
0x0000000008407000 	/usr/lib/system/libcommonCrypto.dylib
0x0000000008407000 	/usr/lib/system/libcompiler_rt.dylib
0x0000000008407000 	/usr/lib/system/libcopyfile.dylib
0x0000000008407000 	/usr/lib/system/libcorecrypto.dylib
0x0000000008407000 	/usr/lib/system/libdispatch.dylib
0x0000000008407000 	/usr/lib/system/libdyld.dylib
0x0000000008407000 	/usr/lib/system/libkeymgr.dylib
0x0000000008407000 	/usr/lib/system/liblaunch.dylib
0x0000000008407000 	/usr/lib/system/libmacho.dylib
0x0000000008407000 	/usr/lib/system/libquarantine.dylib
0x0000000008407000 	/usr/lib/system/libremovefile.dylib
0x0000000008407000 	/usr/lib/system/libsystem_asl.dylib
0x0000000008407000 	/usr/lib/system/libsystem_blocks.dylib
0x0000000008407000 	/usr/lib/system/libsystem_c.dylib
0x0000000008407000 	/usr/lib/system/libsystem_configuration.dylib
0x0000000008407000 	/usr/lib/system/libsystem_coreservices.dylib
0x0000000008407000 	/usr/lib/system/libsystem_coretls.dylib
0x0000000008407000 	/usr/lib/system/libsystem_dnssd.dylib
0x0000000008407000 	/usr/lib/system/libsystem_info.dylib
0x0000000008407000 	/usr/lib/system/libsystem_kernel.dylib
0x0000000008407000 	/usr/lib/system/libsystem_m.dylib
0x0000000008407000 	/usr/lib/system/libsystem_malloc.dylib
0x0000000008407000 	/usr/lib/system/libsystem_network.dylib
0x0000000008407000 	/usr/lib/system/libsystem_networkextension.dylib
0x0000000008407000 	/usr/lib/system/libsystem_notify.dylib
0x0000000008407000 	/usr/lib/system/libsystem_platform.dylib
0x0000000008407000 	/usr/lib/system/libsystem_pthread.dylib
0x0000000008407000 	/usr/lib/system/libsystem_sandbox.dylib
0x0000000008407000 	/usr/lib/system/libsystem_secinit.dylib
0x0000000008407000 	/usr/lib/system/libsystem_stats.dylib
0x0000000008407000 	/usr/lib/system/libsystem_trace.dylib
0x0000000008407000 	/usr/lib/system/libunc.dylib
0x0000000008407000 	/usr/lib/system/libunwind.dylib
0x0000000008407000 	/usr/lib/system/libxpc.dylib
0x0000000008407000 	/usr/lib/libbz2.1.0.dylib
0x0000000008407000 	/usr/lib/liblzma.5.dylib
0x0000000008407000 	/usr/lib/libbsm.0.dylib
0x0000000008407000 	/usr/lib/libsqlite3.dylib
0x0000000008407000 	/usr/lib/system/libkxld.dylib
0x0000000008407000 	/usr/lib/libxar.1.dylib
0x0000000008407000 	/usr/lib/libpam.2.dylib
0x0000000008407000 	/usr/lib/libOpenScriptingUtil.dylib
0x0000000008407000 	/System/Library/Frameworks/CoreServices.framework/Versions/A/Frameworks/FSEvents.framework/Versions/A/FSEvents
0x0000000008407000 	/System/Library/Frameworks/CoreServices.framework/Versions/A/Frameworks/CarbonCore.framework/Versions/A/CarbonCore
0x0000000008407000 	/System/Library/Frameworks/CoreServices.framework/Versions/A/Frameworks/Metadata.framework/Versions/A/Metadata
0x0000000008407000 	/System/Library/Frameworks/CoreServices.framework/Versions/A/Frameworks/OSServices.framework/Versions/A/OSServices
0x0000000008407000 	/System/Library/Frameworks/CoreServices.framework/Versions/A/Frameworks/SearchKit.framework/Versions/A/SearchKit
0x0000000008407000 	/System/Library/Frameworks/CoreServices.framework/Versions/A/Frameworks/AE.framework/Versions/A/AE
0x0000000008407000 	/System/Library/Frameworks/CoreServices.framework/Versions/A/Frameworks/LaunchServices.framework/Versions/A/LaunchServices
0x0000000008407000 	/System/Library/Frameworks/CoreServices.framework/Versions/A/Frameworks/DictionaryServices.framework/Versions/A/DictionaryServices
0x0000000008407000 	/System/Library/Frameworks/NetFS.framework/Versions/A/NetFS
0x0000000008407000 	/System/Library/PrivateFrameworks/NetAuth.framework/Versions/A/NetAuth
0x0000000008407000 	/System/Library/PrivateFrameworks/login.framework/Versions/A/Frameworks/loginsupport.framework/Versions/A/loginsupport
0x0000000008407000 	/System/Library/PrivateFrameworks/TCC.framework/Versions/A/TCC
0x0000000008407000 	/usr/lib/libmecabra.dylib
0x0000000008407000 	/System/Library/Frameworks/ApplicationServices.framework/Versions/A/Frameworks/ATS.framework/Versions/A/ATS
0x0000000008407000 	/System/Library/Frameworks/ApplicationServices.framework/Versions/A/Frameworks/ColorSync.framework/Versions/A/ColorSync
0x0000000008407000 	/System/Library/Frameworks/ApplicationServices.framework/Versions/A/Frameworks/HIServices.framework/Versions/A/HIServices
0x0000000008407000 	/System/Library/Frameworks/ApplicationServices.framework/Versions/A/Frameworks/LangAnalysis.framework/Versions/A/LangAnalysis
0x0000000008407000 	/System/Library/Frameworks/ApplicationServices.framework/Versions/A/Frameworks/PrintCore.framework/Versions/A/PrintCore
0x0000000008407000 	/System/Library/Frameworks/ApplicationServices.framework/Versions/A/Frameworks/QD.framework/Versions/A/QD
0x0000000008407000 	/System/Library/Frameworks/ApplicationServices.framework/Versions/A/Frameworks/SpeechSynthesis.framework/Versions/A/SpeechSynthesis
0x0000000008407000 	/System/Library/Frameworks/Accelerate.framework/Versions/A/Accelerate
0x0000000008407000 	/System/Library/Frameworks/Accelerate.framework/Versions/A/Frameworks/vImage.framework/Versions/A/vImage
0x0000000008407000 	/System/Library/Frameworks/Accelerate.framework/Versions/A/Frameworks/vecLib.framework/Versions/A/vecLib
0x0000000008407000 	/System/Library/Frameworks/Accelerate.framework/Versions/A/Frameworks/vecLib.framework/Versions/A/libvDSP.dylib
0x0000000008407000 	/System/Library/Frameworks/Accelerate.framework/Versions/A/Frameworks/vecLib.framework/Versions/A/libvMisc.dylib
0x0000000008407000 	/System/Library/Frameworks/Accelerate.framework/Versions/A/Frameworks/vecLib.framework/Versions/A/libLAPACK.dylib
0x0000000008407000 	/System/Library/Frameworks/Accelerate.framework/Versions/A/Frameworks/vecLib.framework/Versions/A/libBLAS.dylib
0x0000000008407000 	/System/Library/Frameworks/Accelerate.framework/Versions/A/Frameworks/vecLib.framework/Versions/A/libLinearAlgebra.dylib
0x0000000008407000 	/System/Library/Frameworks/ApplicationServices.framework/Versions/A/Frameworks/ATS.framework/Versions/A/Resources/libFontParser.dylib
0x0000000008407000 	/System/Library/Frameworks/ApplicationServices.framework/Versions/A/Frameworks/ATS.framework/Versions/A/Resources/libFontRegistry.dylib
0x0000000008407000 	/System/Library/PrivateFrameworks/AppleVPA.framework/Versions/A/AppleVPA
0x0000000008407000 	/System/Library/PrivateFrameworks/AppleJPEG.framework/Versions/A/AppleJPEG
0x0000000008407000 	/System/Library/Frameworks/ImageIO.framework/Versions/A/Resources/libJPEG.dylib
0x0000000008407000 	/System/Library/Frameworks/ImageIO.framework/Versions/A/Resources/libTIFF.dylib
0x0000000008407000 	/System/Library/Frameworks/ImageIO.framework/Versions/A/Resources/libPng.dylib
0x0000000008407000 	/System/Library/Frameworks/ImageIO.framework/Versions/A/Resources/libGIF.dylib
0x0000000008407000 	/System/Library/Frameworks/ImageIO.framework/Versions/A/Resources/libJP2.dylib
0x0000000008407000 	/System/Library/Frameworks/ImageIO.framework/Versions/A/Resources/libRadiance.dylib
0x0000000008407000 	/System/Library/Frameworks/CoreVideo.framework/Versions/A/CoreVideo
0x0000000008407000 	/System/Library/Frameworks/OpenGL.framework/Versions/A/Libraries/libGLU.dylib
0x0000000008407000 	/System/Library/Frameworks/OpenGL.framework/Versions/A/Libraries/libGFXShared.dylib
0x0000000008407000 	/System/Library/Frameworks/OpenGL.framework/Versions/A/Libraries/libGL.dylib
0x0000000008407000 	/System/Library/Frameworks/OpenGL.framework/Versions/A/Libraries/libGLImage.dylib
0x0000000008407000 	/System/Library/Frameworks/OpenGL.framework/Versions/A/Libraries/libCVMSPluginSupport.dylib
0x0000000008407000 	/System/Library/Frameworks/OpenGL.framework/Versions/A/Libraries/libCoreVMClient.dylib
0x0000000008407000 	/usr/lib/libcups.2.dylib
0x0000000008407000 	/System/Library/Frameworks/Kerberos.framework/Versions/A/Kerberos
0x0000000008407000 	/System/Library/Frameworks/GSS.framework/Versions/A/GSS
0x0000000008407000 	/usr/lib/libresolv.9.dylib
0x0000000008407000 	/usr/lib/libiconv.2.dylib
0x0000000008407000 	/System/Library/PrivateFrameworks/Heimdal.framework/Versions/A/Heimdal
0x0000000008407000 	/usr/lib/libheimdal-asn1.dylib
0x0000000008407000 	/System/Library/Frameworks/OpenDirectory.framework/Versions/A/OpenDirectory
0x0000000008407000 	/System/Library/PrivateFrameworks/CommonAuth.framework/Versions/A/CommonAuth
0x0000000008407000 	/System/Library/Frameworks/OpenDirectory.framework/Versions/A/Frameworks/CFOpenDirectory.framework/Versions/A/CFOpenDirectory
0x0000000008407000 	/System/Library/Frameworks/SecurityFoundation.framework/Versions/A/SecurityFoundation
0x0000000008407000 	/System/Library/PrivateFrameworks/LanguageModeling.framework/Versions/A/LanguageModeling
0x0000000008407000 	/usr/lib/libcmph.dylib
0x0000000008407000 	/System/Library/Frameworks/ServiceManagement.framework/Versions/A/ServiceManagement
0x0000000008407000 	/usr/lib/libxslt.1.dylib
0x0000000008407000 	/System/Library/Frameworks/Carbon.framework/Versions/A/Frameworks/Ink.framework/Versions/A/Ink
0x0000000008407000 	/System/Library/Frameworks/QuartzCore.framework/Versions/A/Frameworks/CoreImage.framework/Versions/A/CoreImage
0x0000000008407000 	/System/Library/PrivateFrameworks/CrashReporterSupport.framework/Versions/A/CrashReporterSupport
0x0000000008407000 	/System/Library/Frameworks/OpenCL.framework/Versions/A/OpenCL
0x0000000008407000 	/System/Library/PrivateFrameworks/FaceCore.framework/Versions/A/FaceCore
0x0000000008407000 	/System/Library/PrivateFrameworks/Ubiquity.framework/Versions/A/Ubiquity
0x0000000008407000 	/System/Library/PrivateFrameworks/IconServices.framework/Versions/A/IconServices
0x0000000008407000 	/System/Library/PrivateFrameworks/ChunkingLibrary.framework/Versions/A/ChunkingLibrary
0x0000000008407000 	/System/Library/PrivateFrameworks/Apple80211.framework/Versions/A/Apple80211
0x0000000008407000 	/System/Library/Frameworks/CoreWLAN.framework/Versions/A/CoreWLAN
0x0000000008407000 	/System/Library/Frameworks/IOBluetooth.framework/Versions/A/IOBluetooth
0x0000000008407000 	/System/Library/PrivateFrameworks/CoreWiFi.framework/Versions/A/CoreWiFi
0x0000000008407000 	/System/Library/Frameworks/CoreBluetooth.framework/Versions/A/CoreBluetooth
0x0000000008407000 	/System/Library/PrivateFrameworks/DebugSymbols.framework/Versions/A/DebugSymbols
0x0000000008407000 	/System/Library/PrivateFrameworks/CoreSymbolication.framework/Versions/A/CoreSymbolication
0x0000000008407000 	/System/Library/PrivateFrameworks/Symbolication.framework/Versions/A/Symbolication
0x0000000008407000 	/System/Library/PrivateFrameworks/SpeechRecognitionCore.framework/Versions/A/SpeechRecognitionCore
0x0000000110400000 	/Library/Java/JavaVirtualMachines/jdk1.8.0_131.jdk/Contents/Home/jre/lib/server/libjvm.dylib
0x0000000008407000 	/usr/lib/libstdc++.6.dylib
0x00000001114a6000 	/Library/Java/JavaVirtualMachines/jdk1.8.0_131.jdk/Contents/Home/jre/lib/libverify.dylib
0x00000001114b4000 	/Library/Java/JavaVirtualMachines/jdk1.8.0_131.jdk/Contents/Home/jre/lib/libjava.dylib
0x00000001114f1000 	/Library/Java/JavaVirtualMachines/jdk1.8.0_131.jdk/Contents/Home/jre/lib/libzip.dylib
0x0000000125009000 	/System/Library/Frameworks/JavaVM.framework/Frameworks/JavaRuntimeSupport.framework/JavaRuntimeSupport
0x0000000125021000 	/System/Library/Frameworks/JavaVM.framework/Versions/A/Frameworks/JavaNativeFoundation.framework/Versions/A/JavaNativeFoundation
0x0000000125036000 	/System/Library/Frameworks/JavaVM.framework/Versions/A/JavaVM
0x0000000008407000 	/System/Library/Frameworks/Carbon.framework/Versions/A/Carbon
0x0000000125043000 	/System/Library/PrivateFrameworks/JavaLaunching.framework/Versions/A/JavaLaunching
0x0000000008407000 	/System/Library/Frameworks/Carbon.framework/Versions/A/Frameworks/CommonPanels.framework/Versions/A/CommonPanels
0x0000000008407000 	/System/Library/Frameworks/Carbon.framework/Versions/A/Frameworks/Help.framework/Versions/A/Help
0x0000000008407000 	/System/Library/Frameworks/Carbon.framework/Versions/A/Frameworks/ImageCapture.framework/Versions/A/ImageCapture
0x0000000008407000 	/System/Library/Frameworks/Carbon.framework/Versions/A/Frameworks/OpenScripting.framework/Versions/A/OpenScripting
0x0000000008407000 	/System/Library/Frameworks/Carbon.framework/Versions/A/Frameworks/Print.framework/Versions/A/Print
0x0000000008407000 	/System/Library/Frameworks/Carbon.framework/Versions/A/Frameworks/SecurityHI.framework/Versions/A/SecurityHI
0x0000000126fb7000 	/private/var/folders/zr/7g89l0zn2xvcfc1v_8_6b_1c0000gn/T/libgdxRyan/d8ae55ed/libgdx64.dylib
0x0000000127001000 	/Library/Java/JavaVirtualMachines/jdk1.8.0_131.jdk/Contents/Home/jre/lib/libawt.dylib
0x00000001270a9000 	/Library/Java/JavaVirtualMachines/jdk1.8.0_131.jdk/Contents/Home/jre/lib/./libmlib_image.dylib
0x0000000127175000 	/Library/Java/JavaVirtualMachines/jdk1.8.0_131.jdk/Contents/Home/jre/lib/libawt_lwawt.dylib
0x000000012722c000 	/Library/Java/JavaVirtualMachines/jdk1.8.0_131.jdk/Contents/Home/jre/lib/./libosxapp.dylib
0x0000000008407000 	/System/Library/Frameworks/ExceptionHandling.framework/Versions/A/ExceptionHandling
0x0000000008407000 	/System/Library/PrivateFrameworks/CoreServicesInternal.framework/Versions/A/CoreServicesInternal
0x0000000008407000 	/System/Library/PrivateFrameworks/CloudDocs.framework/Versions/A/CloudDocs
0x0000000008407000 	/System/Library/PrivateFrameworks/CoreDuet.framework/Versions/A/CoreDuet
0x0000000008407000 	/System/Library/Frameworks/CloudKit.framework/Versions/A/CloudKit
0x0000000008407000 	/System/Library/PrivateFrameworks/ProtocolBuffer.framework/Versions/A/ProtocolBuffer
0x0000000008407000 	/System/Library/PrivateFrameworks/CoreDuetDaemonProtocol.framework/Versions/A/CoreDuetDaemonProtocol
0x0000000008407000 	/System/Library/PrivateFrameworks/CoreDuetDebugLogging.framework/Versions/A/CoreDuetDebugLogging
0x0000000008407000 	/System/Library/PrivateFrameworks/MMCS.framework/Versions/A/MMCS
0x0000000008407000 	/System/Library/Frameworks/CoreLocation.framework/Versions/A/CoreLocation
0x0000000008407000 	/System/Library/PrivateFrameworks/ProtectedCloudStorage.framework/Versions/A/ProtectedCloudStorage
0x0000000008407000 	/System/Library/PrivateFrameworks/GeoServices.framework/Versions/A/GeoServices
0x0000000008407000 	/System/Library/Frameworks/CoreGraphics.framework/Versions/A/Resources/libCGCMS.A.dylib
0x0000000008407000 	/System/Library/Frameworks/CoreGraphics.framework/Versions/A/Resources/libRIP.A.dylib
0x0000000008407000 	/System/Library/Frameworks/CoreGraphics.framework/Versions/A/Resources/libCGXType.A.dylib
0x0000000008407000 	/System/Library/Frameworks/OpenCL.framework/Versions/A/Libraries/libcldcpuengine.dylib
0x0000000008407000 	/System/Library/PrivateFrameworks/DiskImages.framework/Versions/A/DiskImages
0x0000000008407000 	/System/Library/Frameworks/DiscRecording.framework/Versions/A/DiscRecording
0x0000000008407000 	/usr/lib/libcsfde.dylib
0x0000000008407000 	/usr/lib/libcurl.4.dylib
0x0000000008407000 	/System/Library/PrivateFrameworks/MediaKit.framework/Versions/A/MediaKit
0x0000000008407000 	/usr/lib/libCoreStorage.dylib
0x0000000008407000 	/System/Library/PrivateFrameworks/EFILogin.framework/Versions/A/EFILogin
0x0000000008407000 	/usr/lib/libutil.dylib
0x0000000008407000 	/System/Library/PrivateFrameworks/FindMyDevice.framework/Versions/A/FindMyDevice
0x0000000008407000 	/System/Library/Frameworks/LDAP.framework/Versions/A/LDAP
0x0000000008407000 	/usr/lib/libsasl2.2.dylib
0x0000000008407000 	/System/Library/PrivateFrameworks/CoreDaemon.framework/Versions/B/CoreDaemon
0x0000000008407000 	/usr/lib/libcrypto.0.9.8.dylib
0x0000000008407000 	/System/Library/PrivateFrameworks/AppleSRP.framework/Versions/A/AppleSRP
0x0000000008407000 	/System/Library/PrivateFrameworks/TrustEvaluationAgent.framework/Versions/A/TrustEvaluationAgent
0x0000000127552000 	cl_kernels
0x000000012a039000 	/System/Library/Frameworks/OpenCL.framework/Versions/A/Libraries/ImageFormats/unorm8_bgra.dylib
0x0000000127543000 	cl_kernels
0x0000000008407000 	/System/Library/PrivateFrameworks/FamilyControls.framework/Versions/A/FamilyControls
0x0000000008407000 	/System/Library/PrivateFrameworks/CommerceKit.framework/Versions/A/Frameworks/CommerceCore.framework/Versions/A/CommerceCore
0x0000000008407000 	/System/Library/PrivateFrameworks/SystemAdministration.framework/Versions/A/SystemAdministration
0x0000000008407000 	/System/Library/PrivateFrameworks/AppContainer.framework/Versions/A/AppContainer
0x0000000008407000 	/System/Library/PrivateFrameworks/SecCodeWrapper.framework/Versions/A/SecCodeWrapper
0x0000000008407000 	/System/Library/Frameworks/DirectoryService.framework/Versions/A/DirectoryService
0x0000000008407000 	/System/Library/PrivateFrameworks/LoginUIKit.framework/Versions/A/Frameworks/LoginUICore.framework/Versions/A/LoginUICore
0x0000000008407000 	/usr/lib/libodfde.dylib
0x000000012b1fc000 	/Library/Java/JavaVirtualMachines/jdk1.8.0_131.jdk/Contents/Home/jre/lib/libfontmanager.dylib
0x000000012b263000 	/private/var/folders/zr/7g89l0zn2xvcfc1v_8_6b_1c0000gn/T/libgdxRyan/f7649394/liblwjgl.dylib
0x000000012959a000 	/Library/Java/JavaVirtualMachines/jdk1.8.0_131.jdk/Contents/Home/jre/lib/libjawt.dylib
0x000000012b2e5000 	/var/folders/zr/7g89l0zn2xvcfc1v_8_6b_1c0000gn/T/libgdxRyan/f7649394/openal.dylib
0x000000012b341000 	/System/Library/Components/CoreAudio.component/Contents/MacOS/CoreAudio
0x000000012b61a000 	/System/Library/Extensions/AppleHDA.kext/Contents/PlugIns/AppleHDAHALPlugIn.bundle/Contents/MacOS/AppleHDAHALPlugIn
0x0000000008407000 	/System/Library/Frameworks/OpenGL.framework/Versions/A/Resources/GLEngine.bundle/GLEngine
0x0000000008407000 	/System/Library/Frameworks/OpenGL.framework/Versions/A/Libraries/libGLProgrammability.dylib
0x000000012b7be000 	/System/Library/Extensions/AppleIntelHD4000GraphicsGLDriver.bundle/Contents/MacOS/AppleIntelHD4000GraphicsGLDriver
0x0000000008407000 	/System/Library/PrivateFrameworks/IOAccelerator.framework/Versions/A/IOAccelerator
0x0000000008407000 	/System/Library/PrivateFrameworks/GPUSupport.framework/Versions/A/Libraries/libGPUSupportMercury.dylib
0x0000000008407000 	/System/Library/Frameworks/OpenGL.framework/Versions/A/Resources/GLRendererFloat.bundle/GLRendererFloat
0x000000012eb74000 	/private/var/folders/zr/7g89l0zn2xvcfc1v_8_6b_1c0000gn/T/libgdxRyan/c9d6d90c/libgdx-box2d64.dylib

VM Arguments:
jvm_args: -Dfile.encoding=UTF-8 
java_command: com.mygame.game.main.DesktopLauncher
java_class_path (initial): /Users/Ryan/Documents/workspace/THE Lost Woods/bin:/Users/Ryan/Documents/workspace/THE Lost Woods/libs/gdx-backend-headless.jar:/Users/Ryan/Documents/workspace/THE Lost Woods/libs/gdx-backend-jglfw-natives.jar:/Users/Ryan/Documents/workspace/THE Lost Woods/libs/gdx-backend-jglfw.jar:/Users/Ryan/Documents/workspace/THE Lost Woods/libs/gdx-backend-lwjgl-natives.jar:/Users/Ryan/Documents/workspace/THE Lost Woods/libs/gdx-backend-lwjgl.jar:/Users/Ryan/Documents/workspace/THE Lost Woods/libs/gdx-backend-robovm.jar:/Users/Ryan/Documents/workspace/THE Lost Woods/libs/gdx-box2d-1.9.6.jar:/Users/Ryan/Documents/workspace/THE Lost Woods/libs/gdx-box2d-platform-1.9.6-natives-desktop.jar:/Users/Ryan/Documents/workspace/THE Lost Woods/libs/gdx-natives.jar:/Users/Ryan/Documents/workspace/THE Lost Woods/libs/gdx-platform-1.9.6-natives-desktop.jar:/Users/Ryan/Documents/workspace/THE Lost Woods/libs/gdx.jar:/Users/Ryan/Documents/workspace/THE Lost Woods/libs/box2dlights-1.2-SNAPSHOT-sources.jar:/Users/Ryan/Documents/workspace/THE Lost Woods/libs/box2dlights-1.2-SNAPSHOT.jar:/Users/Ryan/Documents/workspace/THE Lost Woods/libs/gdx-ai.jar
Launcher Type: SUN_STANDARD

Environment Variables:
PATH=/usr/bin:/bin:/usr/sbin:/sbin
SHELL=/bin/bash

Signal Handlers:
SIGSEGV: [libjvm.dylib+0x5b1eb1], sa_mask[0]=11111111011111110111111111111111, sa_flags=SA_ONSTACK|SA_RESTART|SA_SIGINFO
SIGBUS: [libjvm.dylib+0x5b1eb1], sa_mask[0]=11111111011111110111111111111111, sa_flags=SA_RESTART|SA_SIGINFO
SIGFPE: [libjvm.dylib+0x488988], sa_mask[0]=11111111011111110111111111111111, sa_flags=SA_RESTART|SA_SIGINFO
SIGPIPE: [libjvm.dylib+0x488988], sa_mask[0]=11111111011111110111111111111111, sa_flags=SA_RESTART|SA_SIGINFO
SIGXFSZ: [libjvm.dylib+0x488988], sa_mask[0]=11111111011111110111111111111111, sa_flags=SA_RESTART|SA_SIGINFO
SIGILL: [libjvm.dylib+0x488988], sa_mask[0]=11111111011111110111111111111111, sa_flags=SA_RESTART|SA_SIGINFO
SIGUSR1: SIG_DFL, sa_mask[0]=00000000000000000000000000000000, sa_flags=none
SIGUSR2: [libjvm.dylib+0x4884a6], sa_mask[0]=00100000000000000000000000000000, sa_flags=SA_RESTART|SA_SIGINFO
SIGHUP: [libjvm.dylib+0x486a7d], sa_mask[0]=11111111011111110111111111111111, sa_flags=SA_RESTART|SA_SIGINFO
SIGINT: [libjvm.dylib+0x486a7d], sa_mask[0]=11111111011111110111111111111111, sa_flags=SA_RESTART|SA_SIGINFO
SIGTERM: [libjvm.dylib+0x486a7d], sa_mask[0]=11111111011111110111111111111111, sa_flags=SA_RESTART|SA_SIGINFO
SIGQUIT: [libjvm.dylib+0x486a7d], sa_mask[0]=11111111011111110111111111111111, sa_flags=SA_RESTART|SA_SIGINFO


---------------  S Y S T E M  ---------------

OS:Bsduname:Darwin 14.5.0 Darwin Kernel Version 14.5.0: Wed Jul 29 02:26:53 PDT 2015; root:xnu-2782.40.9~1/RELEASE_X86_64 x86_64
rlimit: STACK 8192k, CORE 0k, NPROC 709, NOFILE 10240, AS infinity
load average:2.10 2.02 1.95

CPU:total 4 (initial active 4) (2 cores per cpu, 2 threads per core) family 6 model 58 stepping 9, cmov, cx8, fxsr, mmx, sse, sse2, sse3, ssse3, sse4.1, sse4.2, popcnt, avx, aes, clmul, erms, ht, tsc, tscinvbit, tscinv

Memory: 4k page, physical 4194304k(71256k free)

/proc/meminfo:


vm_info: Java HotSpot(TM) 64-Bit Server VM (25.131-b11) for bsd-amd64 JRE (1.8.0_131-b11), built on Mar 15 2017 01:32:22 by "java_re" with gcc 4.2.1 (Based on Apple Inc. build 5658) (LLVM build 2336.11.00)

time: Mon Oct  2 17:06:22 2017
elapsed time: 21 seconds (0d 0h 0m 21s)

