#
# A fatal error has been detected by the Java Runtime Environment:
#
#  SIGSEGV (0xb) at pc=0x00007fff94d070dd, pid=3323, tid=0x0000000000000713
#
# JRE version: Java(TM) SE Runtime Environment (8.0_131-b11) (build 1.8.0_131-b11)
# Java VM: Java HotSpot(TM) 64-Bit Server VM (25.131-b11 mixed mode bsd-amd64 compressed oops)
# Problematic frame:
# C  [libobjc.A.dylib+0x10dd]  objc_msgSend+0x1d
#
# Failed to write core dump. Core dumps have been disabled. To enable core dumping, try "ulimit -c unlimited" before starting Java again
#
# If you would like to submit a bug report, please visit:
#   http://bugreport.java.com/bugreport/crash.jsp
# The crash happened outside the Java Virtual Machine in native code.
# See problematic frame for where to report the bug.
#

---------------  T H R E A D  ---------------

Current thread (0x00007f92620a2800):  JavaThread "AppKit Thread" daemon [_thread_in_native, id=1811, stack(0x00007fff53511000,0x00007fff53d11000)]

siginfo: si_signo: 11 (SIGSEGV), si_code: 1 (SEGV_MAPERR), si_addr: 0x000007f9260cdf18

Registers:
RAX=0x00007f9260c8d860, RBX=0x00007fff53d0c7b8, RCX=0x0000000000000000, RDX=0x00007f9260d27c30
RSP=0x00007fff53d0c5d8, RBP=0x00007fff53d0c5e0, RSI=0x00007fff8f16141e, RDI=0x00007f9260c8d860
R8 =0x00007fff53d0c5c0, R9 =0x0000000000000055, R10=0x00007fff8f16141e, R11=0x000007f9260cdf00
R12=0x00007f9260f0a2d0, R13=0x00000000000f42ee, R14=0x00007f9260dc92f0, R15=0x00007fff53d0c718
RIP=0x00007fff94d070dd, EFLAGS=0x0000000000010206, ERR=0x0000000000000004
  TRAPNO=0x000000000000000e

Top of Stack: (sp=0x00007fff53d0c5d8)
0x00007fff53d0c5d8:   00007fff92a8745c 00007fff53d0c940
0x00007fff53d0c5e8:   00007fff92977634 00007fff53d0c66c
0x00007fff53d0c5f8:   00007fff53d0c670 00007fff53d0c674
0x00007fff53d0c608:   00007fff79a0ce00 ffffffffffffffff
0x00007fff53d0c618:   00000000000007f8 00007fff79a0ce18
0x00007fff53d0c628:   00007f9260dc92f0 0000000000000000
0x00007fff53d0c638:   00007fff53d0c710 0000000000000000
0x00007fff53d0c648:   00007f9260d82320 00007fff53d0c790
0x00007fff53d0c658:   0000000000000055 00000000000f42f0
0x00007fff53d0c668:   00007f9260d27c30 00007f9260d81d50
0x00007fff53d0c678:   00007f9260f0a2d0 0000000000000001
0x00007fff53d0c688:   00000000000f42ee 00007f9260f0a2c0
0x00007fff53d0c698:   00007fff8a0a8c05 0000000160c962f0
0x00007fff53d0c6a8:   00007fff7bd240d0 0000000042000000
0x00007fff53d0c6b8:   00007fff8a0afe63 00007fff799d7240
0x00007fff53d0c6c8:   00007fff53d0c798 00007fff53d0c6f0
0x00007fff53d0c6d8:   00007fff53d0c710 0000000000000000
0x00007fff53d0c6e8:   0000000000000013 0002e80300000001
0x00007fff53d0c6f8:   00007f9260f0a2f4 0000000000000000
0x00007fff53d0c708:   0000000000000000 00007f9260d823a0
0x00007fff53d0c718:   00007f9260dc92f0 0000002000000000
0x00007fff53d0c728:   0000000000000000 00007fff7bd240d0
0x00007fff53d0c738:   0000000042000000 00007fff8a0af4f8
0x00007fff53d0c748:   00007fff799d7350 00007fff53d0c6a8
0x00007fff53d0c758:   0000000000000000 00007fff53d0c828
0x00007fff53d0c768:   00007fff7a593ea0 00007fff53d0c860
0x00007fff53d0c778:   00007fff8dcfd770 00007fff53d0c810
0x00007fff53d0c788:   00007fff8e8954ed 0000000000000051
0x00007fff53d0c798:   0000000000000000 00000000000f42e3
0x00007fff53d0c7a8:   0000000000000053 0000000000000000
0x00007fff53d0c7b8:   00000000000f42ee 00007fff53d0c834
0x00007fff53d0c7c8:   00000000003d9d01 00000000ffffffff 

Instructions: (pc=0x00007fff94d070dd)
0x00007fff94d070bd:   00 00 00 48 85 ff 2e 74 7a 40 f6 c7 01 2e 75 7e
0x00007fff94d070cd:   49 bb f8 ff ff ff ff 7f 00 00 4c 23 1f 49 89 f2
0x00007fff94d070dd:   45 23 53 18 49 c1 e2 04 4d 03 53 10 49 3b 32 75
0x00007fff94d070ed:   04 41 ff 62 08 49 83 3a 00 74 6a 4d 3b 53 10 74 

Register to memory mapping:

RAX=0x00007f9260c8d860 is an unknown value
RBX=0x00007fff53d0c7b8 is pointing into the stack for thread: 0x00007f92620a2800
RCX=0x0000000000000000 is an unknown value
RDX=0x00007f9260d27c30 is an unknown value
RSP=0x00007fff53d0c5d8 is pointing into the stack for thread: 0x00007f92620a2800
RBP=0x00007fff53d0c5e0 is pointing into the stack for thread: 0x00007f92620a2800
RSI=0x00007fff8f16141e: -[NSTitlebarContainerView transparent]+0x5e312 in /System/Library/Frameworks/AppKit.framework/Versions/C/AppKit at 0x00007fff8e760000
RDI=0x00007f9260c8d860 is an unknown value
R8 =0x00007fff53d0c5c0 is pointing into the stack for thread: 0x00007f92620a2800
R9 =0x0000000000000055 is an unknown value
R10=0x00007fff8f16141e: -[NSTitlebarContainerView transparent]+0x5e312 in /System/Library/Frameworks/AppKit.framework/Versions/C/AppKit at 0x00007fff8e760000
R11=0x000007f9260cdf00 is an unknown value
R12=0x00007f9260f0a2d0 is an unknown value
R13=0x00000000000f42ee is an unknown value
R14=0x00007f9260dc92f0 is an unknown value
R15=0x00007fff53d0c718 is pointing into the stack for thread: 0x00007f92620a2800


Stack: [0x00007fff53511000,0x00007fff53d11000],  sp=0x00007fff53d0c5d8,  free space=8173k
Native frames: (J=compiled Java code, j=interpreted, Vv=VM code, C=native code)
C  [libobjc.A.dylib+0x10dd]  objc_msgSend+0x1d
C  [CoreFoundation+0x10634]  _CFXNotificationPost+0xc44
C  [Foundation+0x7aa1]  -[NSNotificationCenter postNotificationName:object:userInfo:]+0x42
C  [AppKit+0x439c2]  -[NSSurface _disposeSurface]+0x98
C  [AppKit+0x43426]  -[NSSurface setWindow:]+0x42
C  [AppKit+0x33910]  -[NSView _setWindow:]+0xa33
C  [AppKit+0x6af91]  -[NSView removeFromSuperview]+0x1c5
C  [AppKit+0x14bd99]  -[NSView removeFromSuperviewWithoutNeedingDisplay]+0x26
C  [liblwjgl.dylib+0xa205]  +[MacOSXKeyableWindow destroyWindow]+0xb5
C  [Foundation+0x92dd0]  __NSThreadPerformPerform+0x125
C  [CoreFoundation+0x80a01]  __CFRUNLOOP_IS_CALLING_OUT_TO_A_SOURCE0_PERFORM_FUNCTION__+0x11
C  [CoreFoundation+0x72b8d]  __CFRunLoopDoSources0+0x10d
C  [CoreFoundation+0x721bf]  __CFRunLoopRun+0x39f
C  [CoreFoundation+0x71bd8]  CFRunLoopRunSpecific+0x128
C  [HIToolbox+0x3256f]  RunCurrentEventLoopInMode+0xeb
C  [HIToolbox+0x322ea]  ReceiveNextEventCommon+0x1af
C  [HIToolbox+0x3212b]  _BlockUntilNextEventMatchingListInModeWithFilter+0x47
C  [AppKit+0x918ab]  _DPSNextEvent+0x3d2
C  [AppKit+0x90e58]  -[NSApplication nextEventMatchingMask:untilDate:inMode:dequeue:]+0x15a
C  [libosxapp.dylib+0x23aa]  -[NSApplicationAWT nextEventMatchingMask:untilDate:inMode:dequeue:]+0x7c
C  [AppKit+0x86af3]  -[NSApplication run]+0x252
C  [libosxapp.dylib+0x214d]  +[NSApplicationAWT runAWTLoopWithApp:]+0x9c
C  [libawt_lwawt.dylib+0x45edf]  -[AWTStarter starter:]+0x389
C  [Foundation+0x92dd0]  __NSThreadPerformPerform+0x125
C  [CoreFoundation+0x80a01]  __CFRUNLOOP_IS_CALLING_OUT_TO_A_SOURCE0_PERFORM_FUNCTION__+0x11
C  [CoreFoundation+0x72b8d]  __CFRunLoopDoSources0+0x10d
C  [CoreFoundation+0x721bf]  __CFRunLoopRun+0x39f
C  [CoreFoundation+0x71bd8]  CFRunLoopRunSpecific+0x128
C  [java+0x6465]  CreateExecutionEnvironment+0x367
C  [java+0x218c]  JLI_Launch+0x7a0
C  [java+0x84c2]  main+0x65
C  [java+0x19e4]  start+0x34
C  0x0000000000000005


---------------  P R O C E S S  ---------------

Java Threads: ( => current thread )
  0x00007f926194e800 JavaThread "DestroyJavaVM" [_thread_blocked, id=4867, stack(0x000000010d7b7000,0x000000010d8b7000)]
  0x00007f9262932000 JavaThread "LWJGL Application" [_thread_in_native, id=62723, stack(0x00000001a7cc1000,0x00000001a7dc1000)]
  0x00007f9261803000 JavaThread "AWT-Shutdown" [_thread_blocked, id=27923, stack(0x00000001a4e42000,0x00000001a4f42000)]
=>0x00007f92620a2800 JavaThread "AppKit Thread" daemon [_thread_in_native, id=1811, stack(0x00007fff53511000,0x00007fff53d11000)]
  0x00007f9262825000 JavaThread "Service Thread" daemon [_thread_blocked, id=18179, stack(0x00000001a3347000,0x00000001a3447000)]
  0x00007f926202f800 JavaThread "C1 CompilerThread2" daemon [_thread_blocked, id=17667, stack(0x00000001a3244000,0x00000001a3344000)]
  0x00007f926202d000 JavaThread "C2 CompilerThread1" daemon [_thread_blocked, id=17155, stack(0x00000001a3141000,0x00000001a3241000)]
  0x00007f926202c800 JavaThread "C2 CompilerThread0" daemon [_thread_blocked, id=16643, stack(0x00000001a303e000,0x00000001a313e000)]
  0x00007f9261807800 JavaThread "Signal Dispatcher" daemon [_thread_blocked, id=16399, stack(0x00000001a2f3b000,0x00000001a303b000)]
  0x00007f9261046000 JavaThread "Finalizer" daemon [_thread_blocked, id=11523, stack(0x00000001a150f000,0x00000001a160f000)]
  0x00007f9262000800 JavaThread "Reference Handler" daemon [_thread_blocked, id=11011, stack(0x00000001a140c000,0x00000001a150c000)]

Other Threads:
  0x00007f9261043800 VMThread [stack: 0x00000001a1309000,0x00000001a1409000] [id=10499]
  0x00007f9261809000 WatcherThread [stack: 0x00000001a344a000,0x00000001a354a000] [id=18691]

VM state:not at safepoint (normal execution)

VM Mutex/Monitor currently owned by a thread: None

Heap:
 PSYoungGen      total 18944K, used 14437K [0x0000000147b00000, 0x0000000149000000, 0x000000015d000000)
  eden space 16384K, 72% used [0x0000000147b00000,0x000000014869edc8,0x0000000148b00000)
  from space 2560K, 99% used [0x0000000148b00000,0x0000000148d7a668,0x0000000148d80000)
  to   space 2560K, 0% used [0x0000000148d80000,0x0000000148d80000,0x0000000149000000)
 ParOldGen       total 44032K, used 1229K [0x000000011d000000, 0x000000011fb00000, 0x0000000147b00000)
  object space 44032K, 2% used [0x000000011d000000,0x000000011d133540,0x000000011fb00000)
 Metaspace       used 10017K, capacity 10185K, committed 10368K, reserved 1058816K
  class space    used 994K, capacity 1081K, committed 1152K, reserved 1048576K

Card table byte_map: [0x000000015d000000,0x000000015d201000] byte_map_base: 0x000000015c718000

Marking Bits: (ParMarkBitMap*) 0x000000010d104ea0
 Begin Bits: [0x000000015d660000, 0x000000015e660000)
 End Bits:   [0x000000015e660000, 0x000000015f660000)

Polling page: 0x000000010d8ee000

CodeCache: size=245760Kb used=4828Kb max_used=4839Kb free=240931Kb
 bounds [0x000000010d901000, 0x000000010ddd1000, 0x000000011c901000]
 total_blobs=1877 nmethods=1375 adapters=416
 compilation: enabled

Compilation events (10 events):
Event: 10.340 Thread 0x00007f926202f800 1370       3       com.badlogic.gdx.backends.lwjgl.audio.OpenALAudio::update (43 bytes)
Event: 10.340 Thread 0x00007f926202f800 nmethod 1370 0x000000010ddbd490 code [0x000000010ddbd620, 0x000000010ddbda68]
Event: 10.340 Thread 0x00007f926202f800 1371       3       com.badlogic.gdx.backends.lwjgl.LwjglGraphics::updateTime (65 bytes)
Event: 10.341 Thread 0x00007f926202f800 nmethod 1371 0x000000010ddbdc10 code [0x000000010ddbdda0, 0x000000010ddbdfb0]
Event: 10.376 Thread 0x00007f926202f800 1373       3       java.lang.Object::wait (6 bytes)
Event: 10.376 Thread 0x00007f926202f800 nmethod 1373 0x000000010ddbe050 code [0x000000010ddbe1c0, 0x000000010ddbe3c8]
Event: 10.582 Thread 0x00007f926202f800 1374   !   3       com.badlogic.gdx.backends.lwjgl.LwjglGraphics::requestRendering (20 bytes)
Event: 10.582 Thread 0x00007f926202f800 nmethod 1374 0x000000010ddbe450 code [0x000000010ddbe5c0, 0x000000010ddbe8b0]
Event: 10.589 Thread 0x00007f926202d000 1375       4       java.nio.DirectByteBuffer::put (18 bytes)
Event: 10.590 Thread 0x00007f926202d000 nmethod 1375 0x000000010ddc1610 code [0x000000010ddc1760, 0x000000010ddc1818]

GC Heap History (2 events):
Event: 1.491 GC heap before
{Heap before GC invocations=1 (full 0):
 PSYoungGen      total 18944K, used 16384K [0x0000000147b00000, 0x0000000149000000, 0x000000015d000000)
  eden space 16384K, 100% used [0x0000000147b00000,0x0000000148b00000,0x0000000148b00000)
  from space 2560K, 0% used [0x0000000148d80000,0x0000000148d80000,0x0000000149000000)
  to   space 2560K, 0% used [0x0000000148b00000,0x0000000148b00000,0x0000000148d80000)
 ParOldGen       total 44032K, used 0K [0x000000011d000000, 0x000000011fb00000, 0x0000000147b00000)
  object space 44032K, 0% used [0x000000011d000000,0x000000011d000000,0x000000011fb00000)
 Metaspace       used 8343K, capacity 8451K, committed 8576K, reserved 1056768K
  class space    used 821K, capacity 888K, committed 896K, reserved 1048576K
Event: 1.496 GC heap after
Heap after GC invocations=1 (full 0):
 PSYoungGen      total 18944K, used 2537K [0x0000000147b00000, 0x0000000149000000, 0x000000015d000000)
  eden space 16384K, 0% used [0x0000000147b00000,0x0000000147b00000,0x0000000148b00000)
  from space 2560K, 99% used [0x0000000148b00000,0x0000000148d7a668,0x0000000148d80000)
  to   space 2560K, 0% used [0x0000000148d80000,0x0000000148d80000,0x0000000149000000)
 ParOldGen       total 44032K, used 1229K [0x000000011d000000, 0x000000011fb00000, 0x0000000147b00000)
  object space 44032K, 2% used [0x000000011d000000,0x000000011d133540,0x000000011fb00000)
 Metaspace       used 8343K, capacity 8451K, committed 8576K, reserved 1056768K
  class space    used 821K, capacity 888K, committed 896K, reserved 1048576K
}

Deoptimization events (9 events):
Event: 0.865 Thread 0x00007f9262932000 Uncommon trap: reason=unstable_if action=reinterpret pc=0x000000010da9eae8 method=java.lang.String.replace(CC)Ljava/lang/String; @ 26
Event: 1.113 Thread 0x00007f9262932000 Uncommon trap: reason=unstable_if action=reinterpret pc=0x000000010db6581c method=com.badlogic.gdx.math.Intersector.intersectSegments(Lcom/badlogic/gdx/math/Vector2;Lcom/badlogic/gdx/math/Vector2;Lcom/badlogic/gdx/math/Vector2;Lcom/badlogic/gdx/math/Vecto
Event: 1.115 Thread 0x00007f9262932000 Uncommon trap: reason=unstable_if action=reinterpret pc=0x000000010db65280 method=com.badlogic.gdx.math.Intersector.intersectSegments(Lcom/badlogic/gdx/math/Vector2;Lcom/badlogic/gdx/math/Vector2;Lcom/badlogic/gdx/math/Vector2;Lcom/badlogic/gdx/math/Vecto
Event: 1.612 Thread 0x00007f9262932000 Uncommon trap: reason=unstable_if action=reinterpret pc=0x000000010dc04064 method=java.lang.Math.round(F)I @ 36
Event: 1.613 Thread 0x00007f9262932000 Uncommon trap: reason=array_check action=maybe_recompile pc=0x000000010dc099f4 method=com.badlogic.gdx.utils.Array.add(Ljava/lang/Object;)V @ 46
Event: 1.613 Thread 0x00007f9262932000 Uncommon trap: reason=array_check action=maybe_recompile pc=0x000000010dc099f4 method=com.badlogic.gdx.utils.Array.add(Ljava/lang/Object;)V @ 46
Event: 1.613 Thread 0x00007f9262932000 Uncommon trap: reason=array_check action=maybe_recompile pc=0x000000010dc099f4 method=com.badlogic.gdx.utils.Array.add(Ljava/lang/Object;)V @ 46
Event: 1.614 Thread 0x00007f9262932000 Uncommon trap: reason=array_check action=maybe_recompile pc=0x000000010dc099f4 method=com.badlogic.gdx.utils.Array.add(Ljava/lang/Object;)V @ 46
Event: 4.034 Thread 0x00007f9262932000 Uncommon trap: reason=class_check action=maybe_recompile pc=0x000000010dd08dd0 method=com.badlogic.gdx.scenes.scene2d.ui.Widget.validate()V @ 89

Internal exceptions (10 events):
Event: 0.330 Thread 0x00007f9262004800 Exception <a 'java/lang/NoSuchFieldError': method resolution failed> (0x0000000147f28948) thrown at [/Users/java_re/workspace/8-2-build-macosx-x86_64/jdk8u131/8869/hotspot/src/share/vm/prims/methodHandles.cpp, line 1146]
Event: 0.335 Thread 0x00007f9262004800 Exception <a 'java/lang/NoSuchFieldError': method resolution failed> (0x0000000147f36098) thrown at [/Users/java_re/workspace/8-2-build-macosx-x86_64/jdk8u131/8869/hotspot/src/share/vm/prims/methodHandles.cpp, line 1146]
Event: 0.522 Thread 0x00007f9262004800 Exception <a 'java/io/FileNotFoundException'> (0x0000000147fb0cf8) thrown at [/Users/java_re/workspace/8-2-build-macosx-x86_64/jdk8u131/8869/hotspot/src/share/vm/prims/jni.cpp, line 709]
Event: 0.523 Thread 0x00007f9262004800 Exception <a 'java/io/FileNotFoundException'> (0x0000000147fb1858) thrown at [/Users/java_re/workspace/8-2-build-macosx-x86_64/jdk8u131/8869/hotspot/src/share/vm/prims/jni.cpp, line 709]
Event: 0.546 Thread 0x00007f9262004800 Exception <a 'java/security/PrivilegedActionException'> (0x0000000147fc7330) thrown at [/Users/java_re/workspace/8-2-build-macosx-x86_64/jdk8u131/8869/hotspot/src/share/vm/prims/jvm.cpp, line 1390]
Event: 0.546 Thread 0x00007f9262004800 Exception <a 'java/security/PrivilegedActionException'> (0x0000000147fc8f18) thrown at [/Users/java_re/workspace/8-2-build-macosx-x86_64/jdk8u131/8869/hotspot/src/share/vm/prims/jvm.cpp, line 1390]
Event: 0.547 Thread 0x00007f9262004800 Exception <a 'java/security/PrivilegedActionException'> (0x0000000147fca038) thrown at [/Users/java_re/workspace/8-2-build-macosx-x86_64/jdk8u131/8869/hotspot/src/share/vm/prims/jvm.cpp, line 1390]
Event: 0.547 Thread 0x00007f9262004800 Exception <a 'java/security/PrivilegedActionException'> (0x0000000147fcf158) thrown at [/Users/java_re/workspace/8-2-build-macosx-x86_64/jdk8u131/8869/hotspot/src/share/vm/prims/jvm.cpp, line 1390]
Event: 0.547 Thread 0x00007f9262004800 Exception <a 'java/security/PrivilegedActionException'> (0x0000000147fcfdb0) thrown at [/Users/java_re/workspace/8-2-build-macosx-x86_64/jdk8u131/8869/hotspot/src/share/vm/prims/jvm.cpp, line 1390]
Event: 0.547 Thread 0x00007f9262004800 Exception <a 'java/security/PrivilegedActionException'> (0x0000000147fd09d8) thrown at [/Users/java_re/workspace/8-2-build-macosx-x86_64/jdk8u131/8869/hotspot/src/share/vm/prims/jvm.cpp, line 1390]

Events (10 events):
Event: 4.449 Thread 0x00007f9262932000 DEOPT PACKING pc=0x000000010dcf31bb sp=0x00000001a7dc05f0
Event: 4.449 Thread 0x00007f9262932000 DEOPT UNPACKING pc=0x000000010d948633 sp=0x00000001a7dc03c0 mode 0
Event: 5.310 Thread 0x00007f9262932000 DEOPT PACKING pc=0x000000010dcb1c3d sp=0x00000001a7dc04b0
Event: 5.310 Thread 0x00007f9262932000 DEOPT UNPACKING pc=0x000000010d948633 sp=0x00000001a7dc01d0 mode 0
Event: 5.714 Thread 0x00007f9262932000 DEOPT PACKING pc=0x000000010dd3de73 sp=0x00000001a7dc06b0
Event: 5.714 Thread 0x00007f9262932000 DEOPT UNPACKING pc=0x000000010d948633 sp=0x00000001a7dc04e0 mode 0
Event: 10.581 loading class com/badlogic/gdx/backends/lwjgl/LwjglApplication$2
Event: 10.581 loading class com/badlogic/gdx/backends/lwjgl/LwjglApplication$2 done
Event: 10.588 loading class org/lwjgl/opengl/CallbackUtil
Event: 10.588 loading class org/lwjgl/opengl/CallbackUtil done


Dynamic libraries:
0x0000000009852000 	/System/Library/Frameworks/Cocoa.framework/Versions/A/Cocoa
0x0000000009852000 	/System/Library/Frameworks/Security.framework/Versions/A/Security
0x0000000009852000 	/System/Library/Frameworks/ApplicationServices.framework/Versions/A/ApplicationServices
0x0000000009852000 	/usr/lib/libz.1.dylib
0x0000000009852000 	/usr/lib/libSystem.B.dylib
0x0000000009852000 	/usr/lib/libobjc.A.dylib
0x0000000009852000 	/System/Library/Frameworks/CoreFoundation.framework/Versions/A/CoreFoundation
0x0000000009852000 	/System/Library/Frameworks/Foundation.framework/Versions/C/Foundation
0x0000000009852000 	/System/Library/Frameworks/AppKit.framework/Versions/C/AppKit
0x0000000009852000 	/System/Library/Frameworks/CoreData.framework/Versions/A/CoreData
0x0000000009852000 	/System/Library/PrivateFrameworks/RemoteViewServices.framework/Versions/A/RemoteViewServices
0x0000000009852000 	/System/Library/PrivateFrameworks/UIFoundation.framework/Versions/A/UIFoundation
0x0000000009852000 	/System/Library/Frameworks/IOSurface.framework/Versions/A/IOSurface
0x0000000009852000 	/System/Library/Frameworks/AudioToolbox.framework/Versions/A/AudioToolbox
0x0000000009852000 	/System/Library/Frameworks/AudioUnit.framework/Versions/A/AudioUnit
0x0000000009852000 	/System/Library/PrivateFrameworks/DataDetectorsCore.framework/Versions/A/DataDetectorsCore
0x0000000009852000 	/System/Library/PrivateFrameworks/DesktopServicesPriv.framework/Versions/A/DesktopServicesPriv
0x0000000009852000 	/System/Library/Frameworks/Carbon.framework/Versions/A/Frameworks/HIToolbox.framework/Versions/A/HIToolbox
0x0000000009852000 	/System/Library/Frameworks/QuartzCore.framework/Versions/A/QuartzCore
0x0000000009852000 	/System/Library/Frameworks/Carbon.framework/Versions/A/Frameworks/SpeechRecognition.framework/Versions/A/SpeechRecognition
0x0000000009852000 	/usr/lib/libauto.dylib
0x0000000009852000 	/usr/lib/libicucore.A.dylib
0x0000000009852000 	/usr/lib/libxml2.2.dylib
0x0000000009852000 	/System/Library/PrivateFrameworks/CoreUI.framework/Versions/A/CoreUI
0x0000000009852000 	/System/Library/Frameworks/CoreAudio.framework/Versions/A/CoreAudio
0x0000000009852000 	/System/Library/Frameworks/DiskArbitration.framework/Versions/A/DiskArbitration
0x0000000009852000 	/usr/lib/liblangid.dylib
0x0000000009852000 	/System/Library/PrivateFrameworks/MultitouchSupport.framework/Versions/A/MultitouchSupport
0x0000000009852000 	/System/Library/Frameworks/IOKit.framework/Versions/A/IOKit
0x0000000009852000 	/usr/lib/libDiagnosticMessagesClient.dylib
0x0000000009852000 	/System/Library/Frameworks/CoreServices.framework/Versions/A/CoreServices
0x0000000009852000 	/System/Library/PrivateFrameworks/PerformanceAnalysis.framework/Versions/A/PerformanceAnalysis
0x0000000009852000 	/System/Library/PrivateFrameworks/GenerationalStorage.framework/Versions/A/GenerationalStorage
0x0000000009852000 	/System/Library/Frameworks/OpenGL.framework/Versions/A/OpenGL
0x0000000009852000 	/System/Library/PrivateFrameworks/Sharing.framework/Versions/A/Sharing
0x0000000009852000 	/System/Library/Frameworks/CoreGraphics.framework/Versions/A/CoreGraphics
0x0000000009852000 	/System/Library/Frameworks/CoreText.framework/Versions/A/CoreText
0x0000000009852000 	/System/Library/Frameworks/ImageIO.framework/Versions/A/ImageIO
0x0000000009852000 	/usr/lib/libextension.dylib
0x0000000009852000 	/System/Library/PrivateFrameworks/Backup.framework/Versions/A/Backup
0x0000000009852000 	/usr/lib/libarchive.2.dylib
0x0000000009852000 	/System/Library/Frameworks/CFNetwork.framework/Versions/A/CFNetwork
0x0000000009852000 	/System/Library/Frameworks/SystemConfiguration.framework/Versions/A/SystemConfiguration
0x0000000009852000 	/usr/lib/libCRFSuite.dylib
0x0000000009852000 	/usr/lib/libc++.1.dylib
0x0000000009852000 	/usr/lib/libc++abi.dylib
0x0000000009852000 	/usr/lib/system/libcache.dylib
0x0000000009852000 	/usr/lib/system/libcommonCrypto.dylib
0x0000000009852000 	/usr/lib/system/libcompiler_rt.dylib
0x0000000009852000 	/usr/lib/system/libcopyfile.dylib
0x0000000009852000 	/usr/lib/system/libcorecrypto.dylib
0x0000000009852000 	/usr/lib/system/libdispatch.dylib
0x0000000009852000 	/usr/lib/system/libdyld.dylib
0x0000000009852000 	/usr/lib/system/libkeymgr.dylib
0x0000000009852000 	/usr/lib/system/liblaunch.dylib
0x0000000009852000 	/usr/lib/system/libmacho.dylib
0x0000000009852000 	/usr/lib/system/libquarantine.dylib
0x0000000009852000 	/usr/lib/system/libremovefile.dylib
0x0000000009852000 	/usr/lib/system/libsystem_asl.dylib
0x0000000009852000 	/usr/lib/system/libsystem_blocks.dylib
0x0000000009852000 	/usr/lib/system/libsystem_c.dylib
0x0000000009852000 	/usr/lib/system/libsystem_configuration.dylib
0x0000000009852000 	/usr/lib/system/libsystem_coreservices.dylib
0x0000000009852000 	/usr/lib/system/libsystem_coretls.dylib
0x0000000009852000 	/usr/lib/system/libsystem_dnssd.dylib
0x0000000009852000 	/usr/lib/system/libsystem_info.dylib
0x0000000009852000 	/usr/lib/system/libsystem_kernel.dylib
0x0000000009852000 	/usr/lib/system/libsystem_m.dylib
0x0000000009852000 	/usr/lib/system/libsystem_malloc.dylib
0x0000000009852000 	/usr/lib/system/libsystem_network.dylib
0x0000000009852000 	/usr/lib/system/libsystem_networkextension.dylib
0x0000000009852000 	/usr/lib/system/libsystem_notify.dylib
0x0000000009852000 	/usr/lib/system/libsystem_platform.dylib
0x0000000009852000 	/usr/lib/system/libsystem_pthread.dylib
0x0000000009852000 	/usr/lib/system/libsystem_sandbox.dylib
0x0000000009852000 	/usr/lib/system/libsystem_secinit.dylib
0x0000000009852000 	/usr/lib/system/libsystem_stats.dylib
0x0000000009852000 	/usr/lib/system/libsystem_trace.dylib
0x0000000009852000 	/usr/lib/system/libunc.dylib
0x0000000009852000 	/usr/lib/system/libunwind.dylib
0x0000000009852000 	/usr/lib/system/libxpc.dylib
0x0000000009852000 	/usr/lib/libbz2.1.0.dylib
0x0000000009852000 	/usr/lib/liblzma.5.dylib
0x0000000009852000 	/usr/lib/libbsm.0.dylib
0x0000000009852000 	/usr/lib/libsqlite3.dylib
0x0000000009852000 	/usr/lib/system/libkxld.dylib
0x0000000009852000 	/usr/lib/libxar.1.dylib
0x0000000009852000 	/usr/lib/libpam.2.dylib
0x0000000009852000 	/usr/lib/libOpenScriptingUtil.dylib
0x0000000009852000 	/System/Library/Frameworks/CoreServices.framework/Versions/A/Frameworks/FSEvents.framework/Versions/A/FSEvents
0x0000000009852000 	/System/Library/Frameworks/CoreServices.framework/Versions/A/Frameworks/CarbonCore.framework/Versions/A/CarbonCore
0x0000000009852000 	/System/Library/Frameworks/CoreServices.framework/Versions/A/Frameworks/Metadata.framework/Versions/A/Metadata
0x0000000009852000 	/System/Library/Frameworks/CoreServices.framework/Versions/A/Frameworks/OSServices.framework/Versions/A/OSServices
0x0000000009852000 	/System/Library/Frameworks/CoreServices.framework/Versions/A/Frameworks/SearchKit.framework/Versions/A/SearchKit
0x0000000009852000 	/System/Library/Frameworks/CoreServices.framework/Versions/A/Frameworks/AE.framework/Versions/A/AE
0x0000000009852000 	/System/Library/Frameworks/CoreServices.framework/Versions/A/Frameworks/LaunchServices.framework/Versions/A/LaunchServices
0x0000000009852000 	/System/Library/Frameworks/CoreServices.framework/Versions/A/Frameworks/DictionaryServices.framework/Versions/A/DictionaryServices
0x0000000009852000 	/System/Library/Frameworks/NetFS.framework/Versions/A/NetFS
0x0000000009852000 	/System/Library/PrivateFrameworks/NetAuth.framework/Versions/A/NetAuth
0x0000000009852000 	/System/Library/PrivateFrameworks/login.framework/Versions/A/Frameworks/loginsupport.framework/Versions/A/loginsupport
0x0000000009852000 	/System/Library/PrivateFrameworks/TCC.framework/Versions/A/TCC
0x0000000009852000 	/usr/lib/libmecabra.dylib
0x0000000009852000 	/System/Library/Frameworks/ApplicationServices.framework/Versions/A/Frameworks/ATS.framework/Versions/A/ATS
0x0000000009852000 	/System/Library/Frameworks/ApplicationServices.framework/Versions/A/Frameworks/ColorSync.framework/Versions/A/ColorSync
0x0000000009852000 	/System/Library/Frameworks/ApplicationServices.framework/Versions/A/Frameworks/HIServices.framework/Versions/A/HIServices
0x0000000009852000 	/System/Library/Frameworks/ApplicationServices.framework/Versions/A/Frameworks/LangAnalysis.framework/Versions/A/LangAnalysis
0x0000000009852000 	/System/Library/Frameworks/ApplicationServices.framework/Versions/A/Frameworks/PrintCore.framework/Versions/A/PrintCore
0x0000000009852000 	/System/Library/Frameworks/ApplicationServices.framework/Versions/A/Frameworks/QD.framework/Versions/A/QD
0x0000000009852000 	/System/Library/Frameworks/ApplicationServices.framework/Versions/A/Frameworks/SpeechSynthesis.framework/Versions/A/SpeechSynthesis
0x0000000009852000 	/System/Library/Frameworks/Accelerate.framework/Versions/A/Accelerate
0x0000000009852000 	/System/Library/Frameworks/Accelerate.framework/Versions/A/Frameworks/vImage.framework/Versions/A/vImage
0x0000000009852000 	/System/Library/Frameworks/Accelerate.framework/Versions/A/Frameworks/vecLib.framework/Versions/A/vecLib
0x0000000009852000 	/System/Library/Frameworks/Accelerate.framework/Versions/A/Frameworks/vecLib.framework/Versions/A/libvDSP.dylib
0x0000000009852000 	/System/Library/Frameworks/Accelerate.framework/Versions/A/Frameworks/vecLib.framework/Versions/A/libvMisc.dylib
0x0000000009852000 	/System/Library/Frameworks/Accelerate.framework/Versions/A/Frameworks/vecLib.framework/Versions/A/libLAPACK.dylib
0x0000000009852000 	/System/Library/Frameworks/Accelerate.framework/Versions/A/Frameworks/vecLib.framework/Versions/A/libBLAS.dylib
0x0000000009852000 	/System/Library/Frameworks/Accelerate.framework/Versions/A/Frameworks/vecLib.framework/Versions/A/libLinearAlgebra.dylib
0x0000000009852000 	/System/Library/Frameworks/ApplicationServices.framework/Versions/A/Frameworks/ATS.framework/Versions/A/Resources/libFontParser.dylib
0x0000000009852000 	/System/Library/Frameworks/ApplicationServices.framework/Versions/A/Frameworks/ATS.framework/Versions/A/Resources/libFontRegistry.dylib
0x0000000009852000 	/System/Library/PrivateFrameworks/AppleVPA.framework/Versions/A/AppleVPA
0x0000000009852000 	/System/Library/PrivateFrameworks/AppleJPEG.framework/Versions/A/AppleJPEG
0x0000000009852000 	/System/Library/Frameworks/ImageIO.framework/Versions/A/Resources/libJPEG.dylib
0x0000000009852000 	/System/Library/Frameworks/ImageIO.framework/Versions/A/Resources/libTIFF.dylib
0x0000000009852000 	/System/Library/Frameworks/ImageIO.framework/Versions/A/Resources/libPng.dylib
0x0000000009852000 	/System/Library/Frameworks/ImageIO.framework/Versions/A/Resources/libGIF.dylib
0x0000000009852000 	/System/Library/Frameworks/ImageIO.framework/Versions/A/Resources/libJP2.dylib
0x0000000009852000 	/System/Library/Frameworks/ImageIO.framework/Versions/A/Resources/libRadiance.dylib
0x0000000009852000 	/System/Library/Frameworks/CoreVideo.framework/Versions/A/CoreVideo
0x0000000009852000 	/System/Library/Frameworks/OpenGL.framework/Versions/A/Libraries/libGLU.dylib
0x0000000009852000 	/System/Library/Frameworks/OpenGL.framework/Versions/A/Libraries/libGFXShared.dylib
0x0000000009852000 	/System/Library/Frameworks/OpenGL.framework/Versions/A/Libraries/libGL.dylib
0x0000000009852000 	/System/Library/Frameworks/OpenGL.framework/Versions/A/Libraries/libGLImage.dylib
0x0000000009852000 	/System/Library/Frameworks/OpenGL.framework/Versions/A/Libraries/libCVMSPluginSupport.dylib
0x0000000009852000 	/System/Library/Frameworks/OpenGL.framework/Versions/A/Libraries/libCoreVMClient.dylib
0x0000000009852000 	/usr/lib/libcups.2.dylib
0x0000000009852000 	/System/Library/Frameworks/Kerberos.framework/Versions/A/Kerberos
0x0000000009852000 	/System/Library/Frameworks/GSS.framework/Versions/A/GSS
0x0000000009852000 	/usr/lib/libresolv.9.dylib
0x0000000009852000 	/usr/lib/libiconv.2.dylib
0x0000000009852000 	/System/Library/PrivateFrameworks/Heimdal.framework/Versions/A/Heimdal
0x0000000009852000 	/usr/lib/libheimdal-asn1.dylib
0x0000000009852000 	/System/Library/Frameworks/OpenDirectory.framework/Versions/A/OpenDirectory
0x0000000009852000 	/System/Library/PrivateFrameworks/CommonAuth.framework/Versions/A/CommonAuth
0x0000000009852000 	/System/Library/Frameworks/OpenDirectory.framework/Versions/A/Frameworks/CFOpenDirectory.framework/Versions/A/CFOpenDirectory
0x0000000009852000 	/System/Library/Frameworks/SecurityFoundation.framework/Versions/A/SecurityFoundation
0x0000000009852000 	/System/Library/PrivateFrameworks/LanguageModeling.framework/Versions/A/LanguageModeling
0x0000000009852000 	/usr/lib/libcmph.dylib
0x0000000009852000 	/System/Library/Frameworks/ServiceManagement.framework/Versions/A/ServiceManagement
0x0000000009852000 	/usr/lib/libxslt.1.dylib
0x0000000009852000 	/System/Library/Frameworks/Carbon.framework/Versions/A/Frameworks/Ink.framework/Versions/A/Ink
0x0000000009852000 	/System/Library/Frameworks/QuartzCore.framework/Versions/A/Frameworks/CoreImage.framework/Versions/A/CoreImage
0x0000000009852000 	/System/Library/PrivateFrameworks/CrashReporterSupport.framework/Versions/A/CrashReporterSupport
0x0000000009852000 	/System/Library/Frameworks/OpenCL.framework/Versions/A/OpenCL
0x0000000009852000 	/System/Library/PrivateFrameworks/FaceCore.framework/Versions/A/FaceCore
0x0000000009852000 	/System/Library/PrivateFrameworks/Ubiquity.framework/Versions/A/Ubiquity
0x0000000009852000 	/System/Library/PrivateFrameworks/IconServices.framework/Versions/A/IconServices
0x0000000009852000 	/System/Library/PrivateFrameworks/ChunkingLibrary.framework/Versions/A/ChunkingLibrary
0x0000000009852000 	/System/Library/PrivateFrameworks/Apple80211.framework/Versions/A/Apple80211
0x0000000009852000 	/System/Library/Frameworks/CoreWLAN.framework/Versions/A/CoreWLAN
0x0000000009852000 	/System/Library/Frameworks/IOBluetooth.framework/Versions/A/IOBluetooth
0x0000000009852000 	/System/Library/PrivateFrameworks/CoreWiFi.framework/Versions/A/CoreWiFi
0x0000000009852000 	/System/Library/Frameworks/CoreBluetooth.framework/Versions/A/CoreBluetooth
0x0000000009852000 	/System/Library/PrivateFrameworks/DebugSymbols.framework/Versions/A/DebugSymbols
0x0000000009852000 	/System/Library/PrivateFrameworks/CoreSymbolication.framework/Versions/A/CoreSymbolication
0x0000000009852000 	/System/Library/PrivateFrameworks/Symbolication.framework/Versions/A/Symbolication
0x0000000009852000 	/System/Library/PrivateFrameworks/SpeechRecognitionCore.framework/Versions/A/SpeechRecognitionCore
0x000000010c813000 	/Library/Java/JavaVirtualMachines/jdk1.8.0_131.jdk/Contents/Home/jre/lib/server/libjvm.dylib
0x0000000009852000 	/usr/lib/libstdc++.6.dylib
0x000000010bff2000 	/Library/Java/JavaVirtualMachines/jdk1.8.0_131.jdk/Contents/Home/jre/lib/libverify.dylib
0x000000010d8b9000 	/Library/Java/JavaVirtualMachines/jdk1.8.0_131.jdk/Contents/Home/jre/lib/libjava.dylib
0x000000010d8f8000 	/Library/Java/JavaVirtualMachines/jdk1.8.0_131.jdk/Contents/Home/jre/lib/libzip.dylib
0x00000001a1611000 	/System/Library/Frameworks/JavaVM.framework/Frameworks/JavaRuntimeSupport.framework/JavaRuntimeSupport
0x00000001a1629000 	/System/Library/Frameworks/JavaVM.framework/Versions/A/Frameworks/JavaNativeFoundation.framework/Versions/A/JavaNativeFoundation
0x00000001a163e000 	/System/Library/Frameworks/JavaVM.framework/Versions/A/JavaVM
0x0000000009852000 	/System/Library/Frameworks/Carbon.framework/Versions/A/Carbon
0x00000001a164b000 	/System/Library/PrivateFrameworks/JavaLaunching.framework/Versions/A/JavaLaunching
0x0000000009852000 	/System/Library/Frameworks/Carbon.framework/Versions/A/Frameworks/CommonPanels.framework/Versions/A/CommonPanels
0x0000000009852000 	/System/Library/Frameworks/Carbon.framework/Versions/A/Frameworks/Help.framework/Versions/A/Help
0x0000000009852000 	/System/Library/Frameworks/Carbon.framework/Versions/A/Frameworks/ImageCapture.framework/Versions/A/ImageCapture
0x0000000009852000 	/System/Library/Frameworks/Carbon.framework/Versions/A/Frameworks/OpenScripting.framework/Versions/A/OpenScripting
0x0000000009852000 	/System/Library/Frameworks/Carbon.framework/Versions/A/Frameworks/Print.framework/Versions/A/Print
0x0000000009852000 	/System/Library/Frameworks/Carbon.framework/Versions/A/Frameworks/SecurityHI.framework/Versions/A/SecurityHI
0x00000001a35bb000 	/private/var/folders/zr/7g89l0zn2xvcfc1v_8_6b_1c0000gn/T/libgdxRyan/d8ae55ed/libgdx64.dylib
0x00000001a3605000 	/Library/Java/JavaVirtualMachines/jdk1.8.0_131.jdk/Contents/Home/jre/lib/libawt.dylib
0x00000001a36ad000 	/Library/Java/JavaVirtualMachines/jdk1.8.0_131.jdk/Contents/Home/jre/lib/./libmlib_image.dylib
0x00000001a3779000 	/Library/Java/JavaVirtualMachines/jdk1.8.0_131.jdk/Contents/Home/jre/lib/libawt_lwawt.dylib
0x00000001a3830000 	/Library/Java/JavaVirtualMachines/jdk1.8.0_131.jdk/Contents/Home/jre/lib/./libosxapp.dylib
0x0000000009852000 	/System/Library/Frameworks/ExceptionHandling.framework/Versions/A/ExceptionHandling
0x0000000009852000 	/System/Library/PrivateFrameworks/CoreServicesInternal.framework/Versions/A/CoreServicesInternal
0x0000000009852000 	/System/Library/PrivateFrameworks/CloudDocs.framework/Versions/A/CloudDocs
0x0000000009852000 	/System/Library/PrivateFrameworks/CoreDuet.framework/Versions/A/CoreDuet
0x0000000009852000 	/System/Library/Frameworks/CloudKit.framework/Versions/A/CloudKit
0x0000000009852000 	/System/Library/PrivateFrameworks/ProtocolBuffer.framework/Versions/A/ProtocolBuffer
0x0000000009852000 	/System/Library/PrivateFrameworks/CoreDuetDaemonProtocol.framework/Versions/A/CoreDuetDaemonProtocol
0x0000000009852000 	/System/Library/PrivateFrameworks/CoreDuetDebugLogging.framework/Versions/A/CoreDuetDebugLogging
0x0000000009852000 	/System/Library/PrivateFrameworks/MMCS.framework/Versions/A/MMCS
0x0000000009852000 	/System/Library/Frameworks/CoreLocation.framework/Versions/A/CoreLocation
0x0000000009852000 	/System/Library/PrivateFrameworks/ProtectedCloudStorage.framework/Versions/A/ProtectedCloudStorage
0x0000000009852000 	/System/Library/PrivateFrameworks/GeoServices.framework/Versions/A/GeoServices
0x0000000009852000 	/System/Library/Frameworks/CoreGraphics.framework/Versions/A/Resources/libCGCMS.A.dylib
0x0000000009852000 	/System/Library/Frameworks/CoreGraphics.framework/Versions/A/Resources/libRIP.A.dylib
0x0000000009852000 	/System/Library/Frameworks/CoreGraphics.framework/Versions/A/Resources/libCGXType.A.dylib
0x0000000009852000 	/System/Library/Frameworks/OpenCL.framework/Versions/A/Libraries/libcldcpuengine.dylib
0x0000000009852000 	/System/Library/PrivateFrameworks/DiskImages.framework/Versions/A/DiskImages
0x0000000009852000 	/System/Library/Frameworks/DiscRecording.framework/Versions/A/DiscRecording
0x0000000009852000 	/usr/lib/libcsfde.dylib
0x0000000009852000 	/usr/lib/libcurl.4.dylib
0x0000000009852000 	/System/Library/PrivateFrameworks/MediaKit.framework/Versions/A/MediaKit
0x0000000009852000 	/usr/lib/libCoreStorage.dylib
0x0000000009852000 	/System/Library/PrivateFrameworks/EFILogin.framework/Versions/A/EFILogin
0x0000000009852000 	/usr/lib/libutil.dylib
0x0000000009852000 	/System/Library/PrivateFrameworks/FindMyDevice.framework/Versions/A/FindMyDevice
0x0000000009852000 	/System/Library/Frameworks/LDAP.framework/Versions/A/LDAP
0x0000000009852000 	/usr/lib/libsasl2.2.dylib
0x0000000009852000 	/System/Library/PrivateFrameworks/CoreDaemon.framework/Versions/B/CoreDaemon
0x0000000009852000 	/usr/lib/libcrypto.0.9.8.dylib
0x0000000009852000 	/System/Library/PrivateFrameworks/AppleSRP.framework/Versions/A/AppleSRP
0x0000000009852000 	/System/Library/PrivateFrameworks/TrustEvaluationAgent.framework/Versions/A/TrustEvaluationAgent
0x00000001a65b8000 	cl_kernels
0x00000001a65ba000 	/System/Library/Frameworks/OpenCL.framework/Versions/A/Libraries/ImageFormats/unorm8_bgra.dylib
0x00000001a65a9000 	cl_kernels
0x0000000009852000 	/System/Library/PrivateFrameworks/FamilyControls.framework/Versions/A/FamilyControls
0x0000000009852000 	/System/Library/PrivateFrameworks/CommerceKit.framework/Versions/A/Frameworks/CommerceCore.framework/Versions/A/CommerceCore
0x0000000009852000 	/System/Library/PrivateFrameworks/SystemAdministration.framework/Versions/A/SystemAdministration
0x0000000009852000 	/System/Library/PrivateFrameworks/AppContainer.framework/Versions/A/AppContainer
0x0000000009852000 	/System/Library/PrivateFrameworks/SecCodeWrapper.framework/Versions/A/SecCodeWrapper
0x0000000009852000 	/System/Library/Frameworks/DirectoryService.framework/Versions/A/DirectoryService
0x0000000009852000 	/System/Library/PrivateFrameworks/LoginUIKit.framework/Versions/A/Frameworks/LoginUICore.framework/Versions/A/LoginUICore
0x0000000009852000 	/usr/lib/libodfde.dylib
0x00000001a7800000 	/Library/Java/JavaVirtualMachines/jdk1.8.0_131.jdk/Contents/Home/jre/lib/libfontmanager.dylib
0x00000001a7867000 	/private/var/folders/zr/7g89l0zn2xvcfc1v_8_6b_1c0000gn/T/libgdxRyan/f7649394/liblwjgl.dylib
0x00000001a5aee000 	/Library/Java/JavaVirtualMachines/jdk1.8.0_131.jdk/Contents/Home/jre/lib/libjawt.dylib
0x00000001a78e9000 	/var/folders/zr/7g89l0zn2xvcfc1v_8_6b_1c0000gn/T/libgdxRyan/f7649394/openal.dylib
0x00000001a7958000 	/System/Library/Components/CoreAudio.component/Contents/MacOS/CoreAudio
0x00000001a5b06000 	/System/Library/Extensions/AppleHDA.kext/Contents/PlugIns/AppleHDAHALPlugIn.bundle/Contents/MacOS/AppleHDAHALPlugIn
0x0000000009852000 	/System/Library/Frameworks/OpenGL.framework/Versions/A/Resources/GLEngine.bundle/GLEngine
0x0000000009852000 	/System/Library/Frameworks/OpenGL.framework/Versions/A/Libraries/libGLProgrammability.dylib
0x00000001a7dc3000 	/System/Library/Extensions/AppleIntelHD4000GraphicsGLDriver.bundle/Contents/MacOS/AppleIntelHD4000GraphicsGLDriver
0x0000000009852000 	/System/Library/PrivateFrameworks/IOAccelerator.framework/Versions/A/IOAccelerator
0x0000000009852000 	/System/Library/PrivateFrameworks/GPUSupport.framework/Versions/A/Libraries/libGPUSupportMercury.dylib
0x0000000009852000 	/System/Library/Frameworks/OpenGL.framework/Versions/A/Resources/GLRendererFloat.bundle/GLRendererFloat
0x00000001aa8e2000 	/private/var/folders/zr/7g89l0zn2xvcfc1v_8_6b_1c0000gn/T/libgdxRyan/c9d6d90c/libgdx-box2d64.dylib

VM Arguments:
jvm_args: -Dfile.encoding=UTF-8 
java_command: com.mygame.game.main.DesktopLauncher
java_class_path (initial): /Users/Ryan/Documents/workspace/THE Lost Woods/bin:/Users/Ryan/Documents/workspace/THE Lost Woods/libs/gdx-backend-headless.jar:/Users/Ryan/Documents/workspace/THE Lost Woods/libs/gdx-backend-jglfw-natives.jar:/Users/Ryan/Documents/workspace/THE Lost Woods/libs/gdx-backend-jglfw.jar:/Users/Ryan/Documents/workspace/THE Lost Woods/libs/gdx-backend-lwjgl-natives.jar:/Users/Ryan/Documents/workspace/THE Lost Woods/libs/gdx-backend-lwjgl.jar:/Users/Ryan/Documents/workspace/THE Lost Woods/libs/gdx-backend-robovm.jar:/Users/Ryan/Documents/workspace/THE Lost Woods/libs/gdx-box2d-1.9.6.jar:/Users/Ryan/Documents/workspace/THE Lost Woods/libs/gdx-box2d-platform-1.9.6-natives-desktop.jar:/Users/Ryan/Documents/workspace/THE Lost Woods/libs/gdx-natives.jar:/Users/Ryan/Documents/workspace/THE Lost Woods/libs/gdx-platform-1.9.6-natives-desktop.jar:/Users/Ryan/Documents/workspace/THE Lost Woods/libs/gdx.jar
Launcher Type: SUN_STANDARD

Environment Variables:
PATH=/usr/bin:/bin:/usr/sbin:/sbin
SHELL=/bin/bash

Signal Handlers:
SIGSEGV: [libjvm.dylib+0x5b1eb1], sa_mask[0]=11111111011111110111111111111111, sa_flags=SA_ONSTACK|SA_RESTART|SA_SIGINFO
SIGBUS: [libjvm.dylib+0x5b1eb1], sa_mask[0]=11111111011111110111111111111111, sa_flags=SA_RESTART|SA_SIGINFO
SIGFPE: [libjvm.dylib+0x488988], sa_mask[0]=11111111011111110111111111111111, sa_flags=SA_RESTART|SA_SIGINFO
SIGPIPE: [libjvm.dylib+0x488988], sa_mask[0]=11111111011111110111111111111111, sa_flags=SA_RESTART|SA_SIGINFO
SIGXFSZ: [libjvm.dylib+0x488988], sa_mask[0]=11111111011111110111111111111111, sa_flags=SA_RESTART|SA_SIGINFO
SIGILL: [libjvm.dylib+0x488988], sa_mask[0]=11111111011111110111111111111111, sa_flags=SA_RESTART|SA_SIGINFO
SIGUSR1: SIG_DFL, sa_mask[0]=00000000000000000000000000000000, sa_flags=none
SIGUSR2: [libjvm.dylib+0x4884a6], sa_mask[0]=00100000000000000000000000000000, sa_flags=SA_RESTART|SA_SIGINFO
SIGHUP: [libjvm.dylib+0x486a7d], sa_mask[0]=11111111011111110111111111111111, sa_flags=SA_RESTART|SA_SIGINFO
SIGINT: [libjvm.dylib+0x486a7d], sa_mask[0]=11111111011111110111111111111111, sa_flags=SA_RESTART|SA_SIGINFO
SIGTERM: [libjvm.dylib+0x486a7d], sa_mask[0]=11111111011111110111111111111111, sa_flags=SA_RESTART|SA_SIGINFO
SIGQUIT: [libjvm.dylib+0x486a7d], sa_mask[0]=11111111011111110111111111111111, sa_flags=SA_RESTART|SA_SIGINFO


---------------  S Y S T E M  ---------------

OS:Bsduname:Darwin 14.5.0 Darwin Kernel Version 14.5.0: Wed Jul 29 02:26:53 PDT 2015; root:xnu-2782.40.9~1/RELEASE_X86_64 x86_64
rlimit: STACK 8192k, CORE 0k, NPROC 709, NOFILE 10240, AS infinity
load average:1.54 1.95 2.18

CPU:total 4 (initial active 4) (2 cores per cpu, 2 threads per core) family 6 model 58 stepping 9, cmov, cx8, fxsr, mmx, sse, sse2, sse3, ssse3, sse4.1, sse4.2, popcnt, avx, aes, clmul, erms, ht, tsc, tscinvbit, tscinv

Memory: 4k page, physical 4194304k(138560k free)

/proc/meminfo:


vm_info: Java HotSpot(TM) 64-Bit Server VM (25.131-b11) for bsd-amd64 JRE (1.8.0_131-b11), built on Mar 15 2017 01:32:22 by "java_re" with gcc 4.2.1 (Based on Apple Inc. build 5658) (LLVM build 2336.11.00)

time: Sun Aug 27 19:13:41 2017
elapsed time: 10 seconds (0d 0h 0m 10s)

