#
# A fatal error has been detected by the Java Runtime Environment:
#
#  SIGSEGV (0xb) at pc=0x00007fff94d070dd, pid=3292, tid=0x0000000000000713
#
# JRE version: Java(TM) SE Runtime Environment (8.0_131-b11) (build 1.8.0_131-b11)
# Java VM: Java HotSpot(TM) 64-Bit Server VM (25.131-b11 mixed mode bsd-amd64 compressed oops)
# Problematic frame:
# C  [libobjc.A.dylib+0x10dd]  objc_msgSend+0x1d
#
# Failed to write core dump. Core dumps have been disabled. To enable core dumping, try "ulimit -c unlimited" before starting Java again
#
# If you would like to submit a bug report, please visit:
#   http://bugreport.java.com/bugreport/crash.jsp
# The crash happened outside the Java Virtual Machine in native code.
# See problematic frame for where to report the bug.
#

---------------  T H R E A D  ---------------

Current thread (0x00007ffa240bd000):  JavaThread "AppKit Thread" daemon [_thread_in_native, id=1811, stack(0x00007fff55adf000,0x00007fff562df000)]

siginfo: si_signo: 11 (SIGSEGV), si_code: 1 (SEGV_MAPERR), si_addr: 0x000007ffa2244668

Registers:
RAX=0x00007ffa22437d70, RBX=0x00007fff562da7b8, RCX=0x0000000000000000, RDX=0x00007ffa226934a0
RSP=0x00007fff562da5d8, RBP=0x00007fff562da5e0, RSI=0x00007fff8f16141e, RDI=0x00007ffa22437d70
R8 =0x00007fff562da5c0, R9 =0x0000000000000055, R10=0x00007fff8f16141e, R11=0x000007ffa2244650
R12=0x00007ffa2270c3d0, R13=0x00000000000f42ee, R14=0x00007ffa22655320, R15=0x00007fff562da718
RIP=0x00007fff94d070dd, EFLAGS=0x0000000000010206, ERR=0x0000000000000004
  TRAPNO=0x000000000000000e

Top of Stack: (sp=0x00007fff562da5d8)
0x00007fff562da5d8:   00007fff92a8745c 00007fff562da940
0x00007fff562da5e8:   00007fff92977634 00007fff562da66c
0x00007fff562da5f8:   00007fff562da670 00007fff562da674
0x00007fff562da608:   00007fff79a0ce00 ffffffffffffffff
0x00007fff562da618:   00000000000007f8 00007fff79a0ce18
0x00007fff562da628:   00007ffa22655320 0000000000000000
0x00007fff562da638:   00007fff562da710 0000000000000000
0x00007fff562da648:   00007ffa22519180 00007fff562da790
0x00007fff562da658:   0000000000000055 00000000000f42f0
0x00007fff562da668:   00007ffa226934a0 00007ffa22572e50
0x00007fff562da678:   00007ffa2270c3d0 0000000000000001
0x00007fff562da688:   00000000000f42ee 00007ffa2270c3c0
0x00007fff562da698:   00007fff8a0a8c05 00000001225d4110
0x00007fff562da6a8:   00007fff7bd240d0 0000000042000000
0x00007fff562da6b8:   00007fff8a0afe63 00007fff799d7240
0x00007fff562da6c8:   00007fff562da798 00007fff562da6f0
0x00007fff562da6d8:   00007fff562da710 0000000000000000
0x00007fff562da6e8:   0000000000000002 0004f60300000001
0x00007fff562da6f8:   00007ffa2270c3f4 0000000000000000
0x00007fff562da708:   0000000000000000 00007ffa22561860
0x00007fff562da718:   00007ffa22655320 0000002000000000
0x00007fff562da728:   0000000000000000 00007fff7bd240d0
0x00007fff562da738:   0000000042000000 00007fff8a0af4f8
0x00007fff562da748:   00007fff799d7350 00007fff562da6a8
0x00007fff562da758:   0000000000000000 00007fff562da828
0x00007fff562da768:   00007fff7a593ea0 00007fff562da860
0x00007fff562da778:   00007fff8dcfd770 00007fff562da810
0x00007fff562da788:   00007fff8e8954ed 0000000000000051
0x00007fff562da798:   0000000000000000 00000000000f42e1
0x00007fff562da7a8:   0000000000000053 0000000000000000
0x00007fff562da7b8:   00000000000f42ee 00007fff562da834
0x00007fff562da7c8:   00000000003f4101 00000000ffffffff 

Instructions: (pc=0x00007fff94d070dd)
0x00007fff94d070bd:   00 00 00 48 85 ff 2e 74 7a 40 f6 c7 01 2e 75 7e
0x00007fff94d070cd:   49 bb f8 ff ff ff ff 7f 00 00 4c 23 1f 49 89 f2
0x00007fff94d070dd:   45 23 53 18 49 c1 e2 04 4d 03 53 10 49 3b 32 75
0x00007fff94d070ed:   04 41 ff 62 08 49 83 3a 00 74 6a 4d 3b 53 10 74 

Register to memory mapping:

RAX=0x00007ffa22437d70 is an unknown value
RBX=0x00007fff562da7b8 is pointing into the stack for thread: 0x00007ffa240bd000
RCX=0x0000000000000000 is an unknown value
RDX=0x00007ffa226934a0 is an unknown value
RSP=0x00007fff562da5d8 is pointing into the stack for thread: 0x00007ffa240bd000
RBP=0x00007fff562da5e0 is pointing into the stack for thread: 0x00007ffa240bd000
RSI=0x00007fff8f16141e: -[NSTitlebarContainerView transparent]+0x5e312 in /System/Library/Frameworks/AppKit.framework/Versions/C/AppKit at 0x00007fff8e760000
RDI=0x00007ffa22437d70 is an unknown value
R8 =0x00007fff562da5c0 is pointing into the stack for thread: 0x00007ffa240bd000
R9 =0x0000000000000055 is an unknown value
R10=0x00007fff8f16141e: -[NSTitlebarContainerView transparent]+0x5e312 in /System/Library/Frameworks/AppKit.framework/Versions/C/AppKit at 0x00007fff8e760000
R11=0x000007ffa2244650 is an unknown value
R12=0x00007ffa2270c3d0 is an unknown value
R13=0x00000000000f42ee is an unknown value
R14=0x00007ffa22655320 is an unknown value
R15=0x00007fff562da718 is pointing into the stack for thread: 0x00007ffa240bd000


Stack: [0x00007fff55adf000,0x00007fff562df000],  sp=0x00007fff562da5d8,  free space=8173k
Native frames: (J=compiled Java code, j=interpreted, Vv=VM code, C=native code)
C  [libobjc.A.dylib+0x10dd]  objc_msgSend+0x1d
C  [CoreFoundation+0x10634]  _CFXNotificationPost+0xc44
C  [Foundation+0x7aa1]  -[NSNotificationCenter postNotificationName:object:userInfo:]+0x42
C  [AppKit+0x439c2]  -[NSSurface _disposeSurface]+0x98
C  [AppKit+0x43426]  -[NSSurface setWindow:]+0x42
C  [AppKit+0x33910]  -[NSView _setWindow:]+0xa33
C  [AppKit+0x6af91]  -[NSView removeFromSuperview]+0x1c5
C  [AppKit+0x14bd99]  -[NSView removeFromSuperviewWithoutNeedingDisplay]+0x26
C  [liblwjgl.dylib+0xa205]  +[MacOSXKeyableWindow destroyWindow]+0xb5
C  [Foundation+0x92dd0]  __NSThreadPerformPerform+0x125
C  [CoreFoundation+0x80a01]  __CFRUNLOOP_IS_CALLING_OUT_TO_A_SOURCE0_PERFORM_FUNCTION__+0x11
C  [CoreFoundation+0x72b8d]  __CFRunLoopDoSources0+0x10d
C  [CoreFoundation+0x721bf]  __CFRunLoopRun+0x39f
C  [CoreFoundation+0x71bd8]  CFRunLoopRunSpecific+0x128
C  [HIToolbox+0x3256f]  RunCurrentEventLoopInMode+0xeb
C  [HIToolbox+0x322ea]  ReceiveNextEventCommon+0x1af
C  [HIToolbox+0x3212b]  _BlockUntilNextEventMatchingListInModeWithFilter+0x47
C  [AppKit+0x918ab]  _DPSNextEvent+0x3d2
C  [AppKit+0x90e58]  -[NSApplication nextEventMatchingMask:untilDate:inMode:dequeue:]+0x15a
C  [libosxapp.dylib+0x23aa]  -[NSApplicationAWT nextEventMatchingMask:untilDate:inMode:dequeue:]+0x7c
C  [AppKit+0x86af3]  -[NSApplication run]+0x252
C  [libosxapp.dylib+0x214d]  +[NSApplicationAWT runAWTLoopWithApp:]+0x9c
C  [libawt_lwawt.dylib+0x45edf]  -[AWTStarter starter:]+0x389
C  [Foundation+0x92dd0]  __NSThreadPerformPerform+0x125
C  [CoreFoundation+0x80a01]  __CFRUNLOOP_IS_CALLING_OUT_TO_A_SOURCE0_PERFORM_FUNCTION__+0x11
C  [CoreFoundation+0x72b8d]  __CFRunLoopDoSources0+0x10d
C  [CoreFoundation+0x721bf]  __CFRunLoopRun+0x39f
C  [CoreFoundation+0x71bd8]  CFRunLoopRunSpecific+0x128
C  [java+0x6465]  CreateExecutionEnvironment+0x367
C  [java+0x218c]  JLI_Launch+0x7a0
C  [java+0x84c2]  main+0x65
C  [java+0x19e4]  start+0x34
C  0x0000000000000005


---------------  P R O C E S S  ---------------

Java Threads: ( => current thread )
  0x00007ffa24132800 JavaThread "DestroyJavaVM" [_thread_blocked, id=4867, stack(0x0000000109a38000,0x0000000109b38000)]
  0x00007ffa23970800 JavaThread "LWJGL Application" [_thread_in_native, id=62467, stack(0x00000001254f2000,0x00000001255f2000)]
  0x00007ffa22807000 JavaThread "AWT-Shutdown" [_thread_blocked, id=28179, stack(0x000000012272d000,0x000000012282d000)]
=>0x00007ffa240bd000 JavaThread "AppKit Thread" daemon [_thread_in_native, id=1811, stack(0x00007fff55adf000,0x00007fff562df000)]
  0x00007ffa2383d000 JavaThread "Service Thread" daemon [_thread_blocked, id=18179, stack(0x0000000120b7b000,0x0000000120c7b000)]
  0x00007ffa23832800 JavaThread "C1 CompilerThread2" daemon [_thread_blocked, id=17667, stack(0x0000000120a78000,0x0000000120b78000)]
  0x00007ffa23831800 JavaThread "C2 CompilerThread1" daemon [_thread_blocked, id=17155, stack(0x0000000120975000,0x0000000120a75000)]
  0x00007ffa23830000 JavaThread "C2 CompilerThread0" daemon [_thread_blocked, id=16643, stack(0x0000000120872000,0x0000000120972000)]
  0x00007ffa2382f800 JavaThread "Signal Dispatcher" daemon [_thread_blocked, id=13579, stack(0x000000012076f000,0x000000012086f000)]
  0x00007ffa22816000 JavaThread "Finalizer" daemon [_thread_blocked, id=11523, stack(0x000000011ed54000,0x000000011ee54000)]
  0x00007ffa23015000 JavaThread "Reference Handler" daemon [_thread_blocked, id=11011, stack(0x000000011ec51000,0x000000011ed51000)]

Other Threads:
  0x00007ffa2402b000 VMThread [stack: 0x000000011eb4e000,0x000000011ec4e000] [id=10499]
  0x00007ffa23020000 WatcherThread [stack: 0x0000000120c7e000,0x0000000120d7e000] [id=18691]

VM state:not at safepoint (normal execution)

VM Mutex/Monitor currently owned by a thread: None

Heap:
 PSYoungGen      total 18944K, used 18183K [0x00000007aab00000, 0x00000007ac000000, 0x00000007c0000000)
  eden space 16384K, 95% used [0x00000007aab00000,0x00000007aba48488,0x00000007abb00000)
  from space 2560K, 99% used [0x00000007abb00000,0x00000007abd79a78,0x00000007abd80000)
  to   space 2560K, 0% used [0x00000007abd80000,0x00000007abd80000,0x00000007ac000000)
 ParOldGen       total 44032K, used 1189K [0x0000000780000000, 0x0000000782b00000, 0x00000007aab00000)
  object space 44032K, 2% used [0x0000000780000000,0x00000007801296c0,0x0000000782b00000)
 Metaspace       used 10022K, capacity 10185K, committed 10368K, reserved 1058816K
  class space    used 994K, capacity 1081K, committed 1152K, reserved 1048576K

Card table byte_map: [0x000000011a763000,0x000000011a964000] byte_map_base: 0x0000000116b63000

Marking Bits: (ParMarkBitMap*) 0x000000010acf1ea0
 Begin Bits: [0x000000011aec6000, 0x000000011bec6000)
 End Bits:   [0x000000011bec6000, 0x000000011cec6000)

Polling page: 0x0000000109b7d000

CodeCache: size=245760Kb used=5278Kb max_used=5299Kb free=240481Kb
 bounds [0x000000010b3a3000, 0x000000010b8e3000, 0x000000011a3a3000]
 total_blobs=1966 nmethods=1463 adapters=416
 compilation: enabled

Compilation events (10 events):
Event: 18.288 Thread 0x00007ffa23832800 1459       3       com.badlogic.gdx.backends.lwjgl.LwjglApplication::getType (4 bytes)
Event: 18.288 Thread 0x00007ffa23832800 nmethod 1459 0x000000010b8abd50 code [0x000000010b8abec0, 0x000000010b8ac010]
Event: 18.602 Thread 0x00007ffa23832800 1460       3       com.badlogic.gdx.utils.reflect.ArrayReflection::newInstance (6 bytes)
Event: 18.603 Thread 0x00007ffa23832800 nmethod 1460 0x000000010b8b1010 code [0x000000010b8b1180, 0x000000010b8b1348]
Event: 18.738 Thread 0x00007ffa23830000 1461       4       com.badlogic.gdx.graphics.g2d.SpriteBatch::setTransformMatrix (32 bytes)
Event: 18.741 Thread 0x00007ffa23830000 nmethod 1461 0x000000010b8bb490 code [0x000000010b8bb600, 0x000000010b8bb798]
Event: 19.519 Thread 0x00007ffa23831800 1462       4       com.badlogic.gdx.utils.Array$ArrayIterable::iterator (113 bytes)
Event: 19.520 Thread 0x00007ffa23831800 nmethod 1462 0x000000010b8b0c90 code [0x000000010b8b0de0, 0x000000010b8b0eb8]
Event: 20.060 Thread 0x00007ffa23830000 1463       4       java.nio.DirectByteBuffer::put (18 bytes)
Event: 20.061 Thread 0x00007ffa23830000 nmethod 1463 0x000000010b8bb1d0 code [0x000000010b8bb320, 0x000000010b8bb3d8]

GC Heap History (2 events):
Event: 1.437 GC heap before
{Heap before GC invocations=1 (full 0):
 PSYoungGen      total 18944K, used 16384K [0x00000007aab00000, 0x00000007ac000000, 0x00000007c0000000)
  eden space 16384K, 100% used [0x00000007aab00000,0x00000007abb00000,0x00000007abb00000)
  from space 2560K, 0% used [0x00000007abd80000,0x00000007abd80000,0x00000007ac000000)
  to   space 2560K, 0% used [0x00000007abb00000,0x00000007abb00000,0x00000007abd80000)
 ParOldGen       total 44032K, used 0K [0x0000000780000000, 0x0000000782b00000, 0x00000007aab00000)
  object space 44032K, 0% used [0x0000000780000000,0x0000000780000000,0x0000000782b00000)
 Metaspace       used 8340K, capacity 8515K, committed 8576K, reserved 1056768K
  class space    used 822K, capacity 888K, committed 896K, reserved 1048576K
Event: 1.443 GC heap after
Heap after GC invocations=1 (full 0):
 PSYoungGen      total 18944K, used 2534K [0x00000007aab00000, 0x00000007ac000000, 0x00000007c0000000)
  eden space 16384K, 0% used [0x00000007aab00000,0x00000007aab00000,0x00000007abb00000)
  from space 2560K, 99% used [0x00000007abb00000,0x00000007abd79a78,0x00000007abd80000)
  to   space 2560K, 0% used [0x00000007abd80000,0x00000007abd80000,0x00000007ac000000)
 ParOldGen       total 44032K, used 1189K [0x0000000780000000, 0x0000000782b00000, 0x00000007aab00000)
  object space 44032K, 2% used [0x0000000780000000,0x00000007801296c0,0x0000000782b00000)
 Metaspace       used 8340K, capacity 8515K, committed 8576K, reserved 1056768K
  class space    used 822K, capacity 888K, committed 896K, reserved 1048576K
}

Deoptimization events (10 events):
Event: 1.205 Thread 0x00007ffa23970800 Uncommon trap: reason=unstable_if action=reinterpret pc=0x000000010b60da80 method=com.badlogic.gdx.math.Intersector.intersectSegments(Lcom/badlogic/gdx/math/Vector2;Lcom/badlogic/gdx/math/Vector2;Lcom/badlogic/gdx/math/Vector2;Lcom/badlogic/gdx/math/Vecto
Event: 1.206 Thread 0x00007ffa23970800 Uncommon trap: reason=unstable_if action=reinterpret pc=0x000000010b63f774 method=com.badlogic.gdx.math.Intersector.intersectSegments(Lcom/badlogic/gdx/math/Vector2;Lcom/badlogic/gdx/math/Vector2;Lcom/badlogic/gdx/math/Vector2;Lcom/badlogic/gdx/math/Vecto
Event: 1.596 Thread 0x00007ffa23970800 Uncommon trap: reason=array_check action=maybe_recompile pc=0x000000010b6c4d34 method=com.badlogic.gdx.utils.Array.add(Ljava/lang/Object;)V @ 46
Event: 1.596 Thread 0x00007ffa23970800 Uncommon trap: reason=array_check action=maybe_recompile pc=0x000000010b6c4d34 method=com.badlogic.gdx.utils.Array.add(Ljava/lang/Object;)V @ 46
Event: 1.596 Thread 0x00007ffa23970800 Uncommon trap: reason=array_check action=maybe_recompile pc=0x000000010b6c4d34 method=com.badlogic.gdx.utils.Array.add(Ljava/lang/Object;)V @ 46
Event: 1.596 Thread 0x00007ffa23970800 Uncommon trap: reason=array_check action=maybe_recompile pc=0x000000010b6c4d34 method=com.badlogic.gdx.utils.Array.add(Ljava/lang/Object;)V @ 46
Event: 1.597 Thread 0x00007ffa23970800 Uncommon trap: reason=unstable_if action=reinterpret pc=0x000000010b6c0564 method=java.lang.Math.round(F)I @ 36
Event: 2.644 Thread 0x00007ffa23970800 Uncommon trap: reason=unstable_if action=reinterpret pc=0x000000010b75cbdc method=com.badlogic.gdx.graphics.g2d.SpriteBatch.flush()V @ 41
Event: 3.875 Thread 0x00007ffa23970800 Uncommon trap: reason=class_check action=maybe_recompile pc=0x000000010b7b8e90 method=com.badlogic.gdx.scenes.scene2d.ui.Widget.validate()V @ 89
Event: 20.053 Thread 0x00007ffa23970800 Uncommon trap: reason=unstable_if action=reinterpret pc=0x000000010b8b0e90 method=com.badlogic.gdx.utils.Array$ArrayIterable.iterator()Ljava/util/Iterator; @ 4

Internal exceptions (10 events):
Event: 0.312 Thread 0x00007ffa23007000 Exception <a 'java/lang/NoSuchFieldError': method resolution failed> (0x00000007aaf36cf0) thrown at [/Users/java_re/workspace/8-2-build-macosx-x86_64/jdk8u131/8869/hotspot/src/share/vm/prims/methodHandles.cpp, line 1146]
Event: 0.482 Thread 0x00007ffa23007000 Exception <a 'java/io/FileNotFoundException'> (0x00000007aafb1920) thrown at [/Users/java_re/workspace/8-2-build-macosx-x86_64/jdk8u131/8869/hotspot/src/share/vm/prims/jni.cpp, line 709]
Event: 0.482 Thread 0x00007ffa23007000 Exception <a 'java/io/FileNotFoundException'> (0x00000007aafb2480) thrown at [/Users/java_re/workspace/8-2-build-macosx-x86_64/jdk8u131/8869/hotspot/src/share/vm/prims/jni.cpp, line 709]
Event: 0.503 Thread 0x00007ffa23007000 Exception <a 'java/security/PrivilegedActionException'> (0x00000007aafc7f58) thrown at [/Users/java_re/workspace/8-2-build-macosx-x86_64/jdk8u131/8869/hotspot/src/share/vm/prims/jvm.cpp, line 1390]
Event: 0.503 Thread 0x00007ffa23007000 Exception <a 'java/security/PrivilegedActionException'> (0x00000007aafc9b40) thrown at [/Users/java_re/workspace/8-2-build-macosx-x86_64/jdk8u131/8869/hotspot/src/share/vm/prims/jvm.cpp, line 1390]
Event: 0.503 Thread 0x00007ffa23007000 Exception <a 'java/security/PrivilegedActionException'> (0x00000007aafcac60) thrown at [/Users/java_re/workspace/8-2-build-macosx-x86_64/jdk8u131/8869/hotspot/src/share/vm/prims/jvm.cpp, line 1390]
Event: 0.503 Thread 0x00007ffa23007000 Exception <a 'java/security/PrivilegedActionException'> (0x00000007aafcfd80) thrown at [/Users/java_re/workspace/8-2-build-macosx-x86_64/jdk8u131/8869/hotspot/src/share/vm/prims/jvm.cpp, line 1390]
Event: 0.503 Thread 0x00007ffa23007000 Exception <a 'java/security/PrivilegedActionException'> (0x00000007aafd09d8) thrown at [/Users/java_re/workspace/8-2-build-macosx-x86_64/jdk8u131/8869/hotspot/src/share/vm/prims/jvm.cpp, line 1390]
Event: 0.504 Thread 0x00007ffa23007000 Exception <a 'java/security/PrivilegedActionException'> (0x00000007aafd1600) thrown at [/Users/java_re/workspace/8-2-build-macosx-x86_64/jdk8u131/8869/hotspot/src/share/vm/prims/jvm.cpp, line 1390]
Event: 20.053 Thread 0x00007ffa23970800 Implicit null exception at 0x000000010b8b0e10 to 0x000000010b8b0e7d

Events (10 events):
Event: 5.301 Thread 0x00007ffa23970800 DEOPT UNPACKING pc=0x000000010b3ea633 sp=0x00000001255f11f8 mode 0
Event: 6.951 Thread 0x00007ffa23970800 DEOPT PACKING pc=0x000000010b8182b3 sp=0x00000001255f16d0
Event: 6.951 Thread 0x00007ffa23970800 DEOPT UNPACKING pc=0x000000010b3ea633 sp=0x00000001255f14f8 mode 0
Event: 20.052 loading class com/badlogic/gdx/backends/lwjgl/LwjglApplication$2
Event: 20.052 loading class com/badlogic/gdx/backends/lwjgl/LwjglApplication$2 done
Event: 20.053 Thread 0x00007ffa23970800 Uncommon trap: trap_request=0xffffff65 fr.pc=0x000000010b8b0e90
Event: 20.053 Thread 0x00007ffa23970800 DEOPT PACKING pc=0x000000010b8b0e90 sp=0x00000001255f1790
Event: 20.053 Thread 0x00007ffa23970800 DEOPT UNPACKING pc=0x000000010b3a8229 sp=0x00000001255f1750 mode 2
Event: 20.059 loading class org/lwjgl/opengl/CallbackUtil
Event: 20.059 loading class org/lwjgl/opengl/CallbackUtil done


Dynamic libraries:
0x0000000009852000 	/System/Library/Frameworks/Cocoa.framework/Versions/A/Cocoa
0x0000000009852000 	/System/Library/Frameworks/Security.framework/Versions/A/Security
0x0000000009852000 	/System/Library/Frameworks/ApplicationServices.framework/Versions/A/ApplicationServices
0x0000000009852000 	/usr/lib/libz.1.dylib
0x0000000009852000 	/usr/lib/libSystem.B.dylib
0x0000000009852000 	/usr/lib/libobjc.A.dylib
0x0000000009852000 	/System/Library/Frameworks/CoreFoundation.framework/Versions/A/CoreFoundation
0x0000000009852000 	/System/Library/Frameworks/Foundation.framework/Versions/C/Foundation
0x0000000009852000 	/System/Library/Frameworks/AppKit.framework/Versions/C/AppKit
0x0000000009852000 	/System/Library/Frameworks/CoreData.framework/Versions/A/CoreData
0x0000000009852000 	/System/Library/PrivateFrameworks/RemoteViewServices.framework/Versions/A/RemoteViewServices
0x0000000009852000 	/System/Library/PrivateFrameworks/UIFoundation.framework/Versions/A/UIFoundation
0x0000000009852000 	/System/Library/Frameworks/IOSurface.framework/Versions/A/IOSurface
0x0000000009852000 	/System/Library/Frameworks/AudioToolbox.framework/Versions/A/AudioToolbox
0x0000000009852000 	/System/Library/Frameworks/AudioUnit.framework/Versions/A/AudioUnit
0x0000000009852000 	/System/Library/PrivateFrameworks/DataDetectorsCore.framework/Versions/A/DataDetectorsCore
0x0000000009852000 	/System/Library/PrivateFrameworks/DesktopServicesPriv.framework/Versions/A/DesktopServicesPriv
0x0000000009852000 	/System/Library/Frameworks/Carbon.framework/Versions/A/Frameworks/HIToolbox.framework/Versions/A/HIToolbox
0x0000000009852000 	/System/Library/Frameworks/QuartzCore.framework/Versions/A/QuartzCore
0x0000000009852000 	/System/Library/Frameworks/Carbon.framework/Versions/A/Frameworks/SpeechRecognition.framework/Versions/A/SpeechRecognition
0x0000000009852000 	/usr/lib/libauto.dylib
0x0000000009852000 	/usr/lib/libicucore.A.dylib
0x0000000009852000 	/usr/lib/libxml2.2.dylib
0x0000000009852000 	/System/Library/PrivateFrameworks/CoreUI.framework/Versions/A/CoreUI
0x0000000009852000 	/System/Library/Frameworks/CoreAudio.framework/Versions/A/CoreAudio
0x0000000009852000 	/System/Library/Frameworks/DiskArbitration.framework/Versions/A/DiskArbitration
0x0000000009852000 	/usr/lib/liblangid.dylib
0x0000000009852000 	/System/Library/PrivateFrameworks/MultitouchSupport.framework/Versions/A/MultitouchSupport
0x0000000009852000 	/System/Library/Frameworks/IOKit.framework/Versions/A/IOKit
0x0000000009852000 	/usr/lib/libDiagnosticMessagesClient.dylib
0x0000000009852000 	/System/Library/Frameworks/CoreServices.framework/Versions/A/CoreServices
0x0000000009852000 	/System/Library/PrivateFrameworks/PerformanceAnalysis.framework/Versions/A/PerformanceAnalysis
0x0000000009852000 	/System/Library/PrivateFrameworks/GenerationalStorage.framework/Versions/A/GenerationalStorage
0x0000000009852000 	/System/Library/Frameworks/OpenGL.framework/Versions/A/OpenGL
0x0000000009852000 	/System/Library/PrivateFrameworks/Sharing.framework/Versions/A/Sharing
0x0000000009852000 	/System/Library/Frameworks/CoreGraphics.framework/Versions/A/CoreGraphics
0x0000000009852000 	/System/Library/Frameworks/CoreText.framework/Versions/A/CoreText
0x0000000009852000 	/System/Library/Frameworks/ImageIO.framework/Versions/A/ImageIO
0x0000000009852000 	/usr/lib/libextension.dylib
0x0000000009852000 	/System/Library/PrivateFrameworks/Backup.framework/Versions/A/Backup
0x0000000009852000 	/usr/lib/libarchive.2.dylib
0x0000000009852000 	/System/Library/Frameworks/CFNetwork.framework/Versions/A/CFNetwork
0x0000000009852000 	/System/Library/Frameworks/SystemConfiguration.framework/Versions/A/SystemConfiguration
0x0000000009852000 	/usr/lib/libCRFSuite.dylib
0x0000000009852000 	/usr/lib/libc++.1.dylib
0x0000000009852000 	/usr/lib/libc++abi.dylib
0x0000000009852000 	/usr/lib/system/libcache.dylib
0x0000000009852000 	/usr/lib/system/libcommonCrypto.dylib
0x0000000009852000 	/usr/lib/system/libcompiler_rt.dylib
0x0000000009852000 	/usr/lib/system/libcopyfile.dylib
0x0000000009852000 	/usr/lib/system/libcorecrypto.dylib
0x0000000009852000 	/usr/lib/system/libdispatch.dylib
0x0000000009852000 	/usr/lib/system/libdyld.dylib
0x0000000009852000 	/usr/lib/system/libkeymgr.dylib
0x0000000009852000 	/usr/lib/system/liblaunch.dylib
0x0000000009852000 	/usr/lib/system/libmacho.dylib
0x0000000009852000 	/usr/lib/system/libquarantine.dylib
0x0000000009852000 	/usr/lib/system/libremovefile.dylib
0x0000000009852000 	/usr/lib/system/libsystem_asl.dylib
0x0000000009852000 	/usr/lib/system/libsystem_blocks.dylib
0x0000000009852000 	/usr/lib/system/libsystem_c.dylib
0x0000000009852000 	/usr/lib/system/libsystem_configuration.dylib
0x0000000009852000 	/usr/lib/system/libsystem_coreservices.dylib
0x0000000009852000 	/usr/lib/system/libsystem_coretls.dylib
0x0000000009852000 	/usr/lib/system/libsystem_dnssd.dylib
0x0000000009852000 	/usr/lib/system/libsystem_info.dylib
0x0000000009852000 	/usr/lib/system/libsystem_kernel.dylib
0x0000000009852000 	/usr/lib/system/libsystem_m.dylib
0x0000000009852000 	/usr/lib/system/libsystem_malloc.dylib
0x0000000009852000 	/usr/lib/system/libsystem_network.dylib
0x0000000009852000 	/usr/lib/system/libsystem_networkextension.dylib
0x0000000009852000 	/usr/lib/system/libsystem_notify.dylib
0x0000000009852000 	/usr/lib/system/libsystem_platform.dylib
0x0000000009852000 	/usr/lib/system/libsystem_pthread.dylib
0x0000000009852000 	/usr/lib/system/libsystem_sandbox.dylib
0x0000000009852000 	/usr/lib/system/libsystem_secinit.dylib
0x0000000009852000 	/usr/lib/system/libsystem_stats.dylib
0x0000000009852000 	/usr/lib/system/libsystem_trace.dylib
0x0000000009852000 	/usr/lib/system/libunc.dylib
0x0000000009852000 	/usr/lib/system/libunwind.dylib
0x0000000009852000 	/usr/lib/system/libxpc.dylib
0x0000000009852000 	/usr/lib/libbz2.1.0.dylib
0x0000000009852000 	/usr/lib/liblzma.5.dylib
0x0000000009852000 	/usr/lib/libbsm.0.dylib
0x0000000009852000 	/usr/lib/libsqlite3.dylib
0x0000000009852000 	/usr/lib/system/libkxld.dylib
0x0000000009852000 	/usr/lib/libxar.1.dylib
0x0000000009852000 	/usr/lib/libpam.2.dylib
0x0000000009852000 	/usr/lib/libOpenScriptingUtil.dylib
0x0000000009852000 	/System/Library/Frameworks/CoreServices.framework/Versions/A/Frameworks/FSEvents.framework/Versions/A/FSEvents
0x0000000009852000 	/System/Library/Frameworks/CoreServices.framework/Versions/A/Frameworks/CarbonCore.framework/Versions/A/CarbonCore
0x0000000009852000 	/System/Library/Frameworks/CoreServices.framework/Versions/A/Frameworks/Metadata.framework/Versions/A/Metadata
0x0000000009852000 	/System/Library/Frameworks/CoreServices.framework/Versions/A/Frameworks/OSServices.framework/Versions/A/OSServices
0x0000000009852000 	/System/Library/Frameworks/CoreServices.framework/Versions/A/Frameworks/SearchKit.framework/Versions/A/SearchKit
0x0000000009852000 	/System/Library/Frameworks/CoreServices.framework/Versions/A/Frameworks/AE.framework/Versions/A/AE
0x0000000009852000 	/System/Library/Frameworks/CoreServices.framework/Versions/A/Frameworks/LaunchServices.framework/Versions/A/LaunchServices
0x0000000009852000 	/System/Library/Frameworks/CoreServices.framework/Versions/A/Frameworks/DictionaryServices.framework/Versions/A/DictionaryServices
0x0000000009852000 	/System/Library/Frameworks/NetFS.framework/Versions/A/NetFS
0x0000000009852000 	/System/Library/PrivateFrameworks/NetAuth.framework/Versions/A/NetAuth
0x0000000009852000 	/System/Library/PrivateFrameworks/login.framework/Versions/A/Frameworks/loginsupport.framework/Versions/A/loginsupport
0x0000000009852000 	/System/Library/PrivateFrameworks/TCC.framework/Versions/A/TCC
0x0000000009852000 	/usr/lib/libmecabra.dylib
0x0000000009852000 	/System/Library/Frameworks/ApplicationServices.framework/Versions/A/Frameworks/ATS.framework/Versions/A/ATS
0x0000000009852000 	/System/Library/Frameworks/ApplicationServices.framework/Versions/A/Frameworks/ColorSync.framework/Versions/A/ColorSync
0x0000000009852000 	/System/Library/Frameworks/ApplicationServices.framework/Versions/A/Frameworks/HIServices.framework/Versions/A/HIServices
0x0000000009852000 	/System/Library/Frameworks/ApplicationServices.framework/Versions/A/Frameworks/LangAnalysis.framework/Versions/A/LangAnalysis
0x0000000009852000 	/System/Library/Frameworks/ApplicationServices.framework/Versions/A/Frameworks/PrintCore.framework/Versions/A/PrintCore
0x0000000009852000 	/System/Library/Frameworks/ApplicationServices.framework/Versions/A/Frameworks/QD.framework/Versions/A/QD
0x0000000009852000 	/System/Library/Frameworks/ApplicationServices.framework/Versions/A/Frameworks/SpeechSynthesis.framework/Versions/A/SpeechSynthesis
0x0000000009852000 	/System/Library/Frameworks/Accelerate.framework/Versions/A/Accelerate
0x0000000009852000 	/System/Library/Frameworks/Accelerate.framework/Versions/A/Frameworks/vImage.framework/Versions/A/vImage
0x0000000009852000 	/System/Library/Frameworks/Accelerate.framework/Versions/A/Frameworks/vecLib.framework/Versions/A/vecLib
0x0000000009852000 	/System/Library/Frameworks/Accelerate.framework/Versions/A/Frameworks/vecLib.framework/Versions/A/libvDSP.dylib
0x0000000009852000 	/System/Library/Frameworks/Accelerate.framework/Versions/A/Frameworks/vecLib.framework/Versions/A/libvMisc.dylib
0x0000000009852000 	/System/Library/Frameworks/Accelerate.framework/Versions/A/Frameworks/vecLib.framework/Versions/A/libLAPACK.dylib
0x0000000009852000 	/System/Library/Frameworks/Accelerate.framework/Versions/A/Frameworks/vecLib.framework/Versions/A/libBLAS.dylib
0x0000000009852000 	/System/Library/Frameworks/Accelerate.framework/Versions/A/Frameworks/vecLib.framework/Versions/A/libLinearAlgebra.dylib
0x0000000009852000 	/System/Library/Frameworks/ApplicationServices.framework/Versions/A/Frameworks/ATS.framework/Versions/A/Resources/libFontParser.dylib
0x0000000009852000 	/System/Library/Frameworks/ApplicationServices.framework/Versions/A/Frameworks/ATS.framework/Versions/A/Resources/libFontRegistry.dylib
0x0000000009852000 	/System/Library/PrivateFrameworks/AppleVPA.framework/Versions/A/AppleVPA
0x0000000009852000 	/System/Library/PrivateFrameworks/AppleJPEG.framework/Versions/A/AppleJPEG
0x0000000009852000 	/System/Library/Frameworks/ImageIO.framework/Versions/A/Resources/libJPEG.dylib
0x0000000009852000 	/System/Library/Frameworks/ImageIO.framework/Versions/A/Resources/libTIFF.dylib
0x0000000009852000 	/System/Library/Frameworks/ImageIO.framework/Versions/A/Resources/libPng.dylib
0x0000000009852000 	/System/Library/Frameworks/ImageIO.framework/Versions/A/Resources/libGIF.dylib
0x0000000009852000 	/System/Library/Frameworks/ImageIO.framework/Versions/A/Resources/libJP2.dylib
0x0000000009852000 	/System/Library/Frameworks/ImageIO.framework/Versions/A/Resources/libRadiance.dylib
0x0000000009852000 	/System/Library/Frameworks/CoreVideo.framework/Versions/A/CoreVideo
0x0000000009852000 	/System/Library/Frameworks/OpenGL.framework/Versions/A/Libraries/libGLU.dylib
0x0000000009852000 	/System/Library/Frameworks/OpenGL.framework/Versions/A/Libraries/libGFXShared.dylib
0x0000000009852000 	/System/Library/Frameworks/OpenGL.framework/Versions/A/Libraries/libGL.dylib
0x0000000009852000 	/System/Library/Frameworks/OpenGL.framework/Versions/A/Libraries/libGLImage.dylib
0x0000000009852000 	/System/Library/Frameworks/OpenGL.framework/Versions/A/Libraries/libCVMSPluginSupport.dylib
0x0000000009852000 	/System/Library/Frameworks/OpenGL.framework/Versions/A/Libraries/libCoreVMClient.dylib
0x0000000009852000 	/usr/lib/libcups.2.dylib
0x0000000009852000 	/System/Library/Frameworks/Kerberos.framework/Versions/A/Kerberos
0x0000000009852000 	/System/Library/Frameworks/GSS.framework/Versions/A/GSS
0x0000000009852000 	/usr/lib/libresolv.9.dylib
0x0000000009852000 	/usr/lib/libiconv.2.dylib
0x0000000009852000 	/System/Library/PrivateFrameworks/Heimdal.framework/Versions/A/Heimdal
0x0000000009852000 	/usr/lib/libheimdal-asn1.dylib
0x0000000009852000 	/System/Library/Frameworks/OpenDirectory.framework/Versions/A/OpenDirectory
0x0000000009852000 	/System/Library/PrivateFrameworks/CommonAuth.framework/Versions/A/CommonAuth
0x0000000009852000 	/System/Library/Frameworks/OpenDirectory.framework/Versions/A/Frameworks/CFOpenDirectory.framework/Versions/A/CFOpenDirectory
0x0000000009852000 	/System/Library/Frameworks/SecurityFoundation.framework/Versions/A/SecurityFoundation
0x0000000009852000 	/System/Library/PrivateFrameworks/LanguageModeling.framework/Versions/A/LanguageModeling
0x0000000009852000 	/usr/lib/libcmph.dylib
0x0000000009852000 	/System/Library/Frameworks/ServiceManagement.framework/Versions/A/ServiceManagement
0x0000000009852000 	/usr/lib/libxslt.1.dylib
0x0000000009852000 	/System/Library/Frameworks/Carbon.framework/Versions/A/Frameworks/Ink.framework/Versions/A/Ink
0x0000000009852000 	/System/Library/Frameworks/QuartzCore.framework/Versions/A/Frameworks/CoreImage.framework/Versions/A/CoreImage
0x0000000009852000 	/System/Library/PrivateFrameworks/CrashReporterSupport.framework/Versions/A/CrashReporterSupport
0x0000000009852000 	/System/Library/Frameworks/OpenCL.framework/Versions/A/OpenCL
0x0000000009852000 	/System/Library/PrivateFrameworks/FaceCore.framework/Versions/A/FaceCore
0x0000000009852000 	/System/Library/PrivateFrameworks/Ubiquity.framework/Versions/A/Ubiquity
0x0000000009852000 	/System/Library/PrivateFrameworks/IconServices.framework/Versions/A/IconServices
0x0000000009852000 	/System/Library/PrivateFrameworks/ChunkingLibrary.framework/Versions/A/ChunkingLibrary
0x0000000009852000 	/System/Library/PrivateFrameworks/Apple80211.framework/Versions/A/Apple80211
0x0000000009852000 	/System/Library/Frameworks/CoreWLAN.framework/Versions/A/CoreWLAN
0x0000000009852000 	/System/Library/Frameworks/IOBluetooth.framework/Versions/A/IOBluetooth
0x0000000009852000 	/System/Library/PrivateFrameworks/CoreWiFi.framework/Versions/A/CoreWiFi
0x0000000009852000 	/System/Library/Frameworks/CoreBluetooth.framework/Versions/A/CoreBluetooth
0x0000000009852000 	/System/Library/PrivateFrameworks/DebugSymbols.framework/Versions/A/DebugSymbols
0x0000000009852000 	/System/Library/PrivateFrameworks/CoreSymbolication.framework/Versions/A/CoreSymbolication
0x0000000009852000 	/System/Library/PrivateFrameworks/Symbolication.framework/Versions/A/Symbolication
0x0000000009852000 	/System/Library/PrivateFrameworks/SpeechRecognitionCore.framework/Versions/A/SpeechRecognitionCore
0x000000010a400000 	/Library/Java/JavaVirtualMachines/jdk1.8.0_131.jdk/Contents/Home/jre/lib/server/libjvm.dylib
0x0000000009852000 	/usr/lib/libstdc++.6.dylib
0x0000000109b3a000 	/Library/Java/JavaVirtualMachines/jdk1.8.0_131.jdk/Contents/Home/jre/lib/libverify.dylib
0x0000000109b48000 	/Library/Java/JavaVirtualMachines/jdk1.8.0_131.jdk/Contents/Home/jre/lib/libjava.dylib
0x0000000109b87000 	/Library/Java/JavaVirtualMachines/jdk1.8.0_131.jdk/Contents/Home/jre/lib/libzip.dylib
0x000000011ee56000 	/System/Library/Frameworks/JavaVM.framework/Frameworks/JavaRuntimeSupport.framework/JavaRuntimeSupport
0x000000011ee6e000 	/System/Library/Frameworks/JavaVM.framework/Versions/A/Frameworks/JavaNativeFoundation.framework/Versions/A/JavaNativeFoundation
0x0000000109bed000 	/System/Library/Frameworks/JavaVM.framework/Versions/A/JavaVM
0x0000000009852000 	/System/Library/Frameworks/Carbon.framework/Versions/A/Carbon
0x000000011ee83000 	/System/Library/PrivateFrameworks/JavaLaunching.framework/Versions/A/JavaLaunching
0x0000000009852000 	/System/Library/Frameworks/Carbon.framework/Versions/A/Frameworks/CommonPanels.framework/Versions/A/CommonPanels
0x0000000009852000 	/System/Library/Frameworks/Carbon.framework/Versions/A/Frameworks/Help.framework/Versions/A/Help
0x0000000009852000 	/System/Library/Frameworks/Carbon.framework/Versions/A/Frameworks/ImageCapture.framework/Versions/A/ImageCapture
0x0000000009852000 	/System/Library/Frameworks/Carbon.framework/Versions/A/Frameworks/OpenScripting.framework/Versions/A/OpenScripting
0x0000000009852000 	/System/Library/Frameworks/Carbon.framework/Versions/A/Frameworks/Print.framework/Versions/A/Print
0x0000000009852000 	/System/Library/Frameworks/Carbon.framework/Versions/A/Frameworks/SecurityHI.framework/Versions/A/SecurityHI
0x0000000120ded000 	/private/var/folders/zr/7g89l0zn2xvcfc1v_8_6b_1c0000gn/T/libgdxRyan/d8ae55ed/libgdx64.dylib
0x0000000120e37000 	/Library/Java/JavaVirtualMachines/jdk1.8.0_131.jdk/Contents/Home/jre/lib/libawt.dylib
0x0000000120edf000 	/Library/Java/JavaVirtualMachines/jdk1.8.0_131.jdk/Contents/Home/jre/lib/./libmlib_image.dylib
0x0000000120fab000 	/Library/Java/JavaVirtualMachines/jdk1.8.0_131.jdk/Contents/Home/jre/lib/libawt_lwawt.dylib
0x0000000121062000 	/Library/Java/JavaVirtualMachines/jdk1.8.0_131.jdk/Contents/Home/jre/lib/./libosxapp.dylib
0x0000000009852000 	/System/Library/Frameworks/ExceptionHandling.framework/Versions/A/ExceptionHandling
0x0000000009852000 	/System/Library/PrivateFrameworks/CoreServicesInternal.framework/Versions/A/CoreServicesInternal
0x0000000009852000 	/System/Library/PrivateFrameworks/CloudDocs.framework/Versions/A/CloudDocs
0x0000000009852000 	/System/Library/PrivateFrameworks/CoreDuet.framework/Versions/A/CoreDuet
0x0000000009852000 	/System/Library/Frameworks/CloudKit.framework/Versions/A/CloudKit
0x0000000009852000 	/System/Library/PrivateFrameworks/ProtocolBuffer.framework/Versions/A/ProtocolBuffer
0x0000000009852000 	/System/Library/PrivateFrameworks/CoreDuetDaemonProtocol.framework/Versions/A/CoreDuetDaemonProtocol
0x0000000009852000 	/System/Library/PrivateFrameworks/CoreDuetDebugLogging.framework/Versions/A/CoreDuetDebugLogging
0x0000000009852000 	/System/Library/PrivateFrameworks/MMCS.framework/Versions/A/MMCS
0x0000000009852000 	/System/Library/Frameworks/CoreLocation.framework/Versions/A/CoreLocation
0x0000000009852000 	/System/Library/PrivateFrameworks/ProtectedCloudStorage.framework/Versions/A/ProtectedCloudStorage
0x0000000009852000 	/System/Library/PrivateFrameworks/GeoServices.framework/Versions/A/GeoServices
0x0000000009852000 	/System/Library/Frameworks/CoreGraphics.framework/Versions/A/Resources/libCGCMS.A.dylib
0x0000000009852000 	/System/Library/Frameworks/CoreGraphics.framework/Versions/A/Resources/libRIP.A.dylib
0x0000000009852000 	/System/Library/Frameworks/CoreGraphics.framework/Versions/A/Resources/libCGXType.A.dylib
0x0000000009852000 	/System/Library/Frameworks/OpenCL.framework/Versions/A/Libraries/libcldcpuengine.dylib
0x0000000009852000 	/System/Library/PrivateFrameworks/DiskImages.framework/Versions/A/DiskImages
0x0000000009852000 	/System/Library/Frameworks/DiscRecording.framework/Versions/A/DiscRecording
0x0000000009852000 	/usr/lib/libcsfde.dylib
0x0000000009852000 	/usr/lib/libcurl.4.dylib
0x0000000009852000 	/System/Library/PrivateFrameworks/MediaKit.framework/Versions/A/MediaKit
0x0000000009852000 	/usr/lib/libCoreStorage.dylib
0x0000000009852000 	/System/Library/PrivateFrameworks/EFILogin.framework/Versions/A/EFILogin
0x0000000009852000 	/usr/lib/libutil.dylib
0x0000000009852000 	/System/Library/PrivateFrameworks/FindMyDevice.framework/Versions/A/FindMyDevice
0x0000000009852000 	/System/Library/Frameworks/LDAP.framework/Versions/A/LDAP
0x0000000009852000 	/usr/lib/libsasl2.2.dylib
0x0000000009852000 	/System/Library/PrivateFrameworks/CoreDaemon.framework/Versions/B/CoreDaemon
0x0000000009852000 	/usr/lib/libcrypto.0.9.8.dylib
0x0000000009852000 	/System/Library/PrivateFrameworks/AppleSRP.framework/Versions/A/AppleSRP
0x0000000009852000 	/System/Library/PrivateFrameworks/TrustEvaluationAgent.framework/Versions/A/TrustEvaluationAgent
0x0000000121388000 	cl_kernels
0x0000000123e6f000 	/System/Library/Frameworks/OpenCL.framework/Versions/A/Libraries/ImageFormats/unorm8_bgra.dylib
0x0000000121379000 	cl_kernels
0x0000000009852000 	/System/Library/PrivateFrameworks/FamilyControls.framework/Versions/A/FamilyControls
0x0000000009852000 	/System/Library/PrivateFrameworks/CommerceKit.framework/Versions/A/Frameworks/CommerceCore.framework/Versions/A/CommerceCore
0x0000000009852000 	/System/Library/PrivateFrameworks/SystemAdministration.framework/Versions/A/SystemAdministration
0x0000000009852000 	/System/Library/PrivateFrameworks/AppContainer.framework/Versions/A/AppContainer
0x0000000009852000 	/System/Library/PrivateFrameworks/SecCodeWrapper.framework/Versions/A/SecCodeWrapper
0x0000000009852000 	/System/Library/Frameworks/DirectoryService.framework/Versions/A/DirectoryService
0x0000000009852000 	/System/Library/PrivateFrameworks/LoginUIKit.framework/Versions/A/Frameworks/LoginUICore.framework/Versions/A/LoginUICore
0x0000000009852000 	/usr/lib/libodfde.dylib
0x0000000125032000 	/Library/Java/JavaVirtualMachines/jdk1.8.0_131.jdk/Contents/Home/jre/lib/libfontmanager.dylib
0x0000000125099000 	/private/var/folders/zr/7g89l0zn2xvcfc1v_8_6b_1c0000gn/T/libgdxRyan/f7649394/liblwjgl.dylib
0x00000001233d0000 	/Library/Java/JavaVirtualMachines/jdk1.8.0_131.jdk/Contents/Home/jre/lib/libjawt.dylib
0x000000012511b000 	/var/folders/zr/7g89l0zn2xvcfc1v_8_6b_1c0000gn/T/libgdxRyan/f7649394/openal.dylib
0x0000000125177000 	/System/Library/Components/CoreAudio.component/Contents/MacOS/CoreAudio
0x0000000125450000 	/System/Library/Extensions/AppleHDA.kext/Contents/PlugIns/AppleHDAHALPlugIn.bundle/Contents/MacOS/AppleHDAHALPlugIn
0x0000000009852000 	/System/Library/Frameworks/OpenGL.framework/Versions/A/Resources/GLEngine.bundle/GLEngine
0x0000000009852000 	/System/Library/Frameworks/OpenGL.framework/Versions/A/Libraries/libGLProgrammability.dylib
0x00000001255f4000 	/System/Library/Extensions/AppleIntelHD4000GraphicsGLDriver.bundle/Contents/MacOS/AppleIntelHD4000GraphicsGLDriver
0x0000000009852000 	/System/Library/PrivateFrameworks/IOAccelerator.framework/Versions/A/IOAccelerator
0x0000000009852000 	/System/Library/PrivateFrameworks/GPUSupport.framework/Versions/A/Libraries/libGPUSupportMercury.dylib
0x0000000009852000 	/System/Library/Frameworks/OpenGL.framework/Versions/A/Resources/GLRendererFloat.bundle/GLRendererFloat
0x00000001281a8000 	/private/var/folders/zr/7g89l0zn2xvcfc1v_8_6b_1c0000gn/T/libgdxRyan/c9d6d90c/libgdx-box2d64.dylib

VM Arguments:
jvm_args: -Dfile.encoding=UTF-8 
java_command: com.mygame.game.main.DesktopLauncher
java_class_path (initial): /Users/Ryan/Documents/workspace/THE Lost Woods/bin:/Users/Ryan/Documents/workspace/THE Lost Woods/libs/gdx-backend-headless.jar:/Users/Ryan/Documents/workspace/THE Lost Woods/libs/gdx-backend-jglfw-natives.jar:/Users/Ryan/Documents/workspace/THE Lost Woods/libs/gdx-backend-jglfw.jar:/Users/Ryan/Documents/workspace/THE Lost Woods/libs/gdx-backend-lwjgl-natives.jar:/Users/Ryan/Documents/workspace/THE Lost Woods/libs/gdx-backend-lwjgl.jar:/Users/Ryan/Documents/workspace/THE Lost Woods/libs/gdx-backend-robovm.jar:/Users/Ryan/Documents/workspace/THE Lost Woods/libs/gdx-box2d-1.9.6.jar:/Users/Ryan/Documents/workspace/THE Lost Woods/libs/gdx-box2d-platform-1.9.6-natives-desktop.jar:/Users/Ryan/Documents/workspace/THE Lost Woods/libs/gdx-natives.jar:/Users/Ryan/Documents/workspace/THE Lost Woods/libs/gdx-platform-1.9.6-natives-desktop.jar:/Users/Ryan/Documents/workspace/THE Lost Woods/libs/gdx.jar
Launcher Type: SUN_STANDARD

Environment Variables:
PATH=/usr/bin:/bin:/usr/sbin:/sbin
SHELL=/bin/bash

Signal Handlers:
SIGSEGV: [libjvm.dylib+0x5b1eb1], sa_mask[0]=11111111011111110111111111111111, sa_flags=SA_ONSTACK|SA_RESTART|SA_SIGINFO
SIGBUS: [libjvm.dylib+0x5b1eb1], sa_mask[0]=11111111011111110111111111111111, sa_flags=SA_RESTART|SA_SIGINFO
SIGFPE: [libjvm.dylib+0x488988], sa_mask[0]=11111111011111110111111111111111, sa_flags=SA_RESTART|SA_SIGINFO
SIGPIPE: [libjvm.dylib+0x488988], sa_mask[0]=11111111011111110111111111111111, sa_flags=SA_RESTART|SA_SIGINFO
SIGXFSZ: [libjvm.dylib+0x488988], sa_mask[0]=11111111011111110111111111111111, sa_flags=SA_RESTART|SA_SIGINFO
SIGILL: [libjvm.dylib+0x488988], sa_mask[0]=11111111011111110111111111111111, sa_flags=SA_RESTART|SA_SIGINFO
SIGUSR1: SIG_DFL, sa_mask[0]=00000000000000000000000000000000, sa_flags=none
SIGUSR2: [libjvm.dylib+0x4884a6], sa_mask[0]=00100000000000000000000000000000, sa_flags=SA_RESTART|SA_SIGINFO
SIGHUP: [libjvm.dylib+0x486a7d], sa_mask[0]=11111111011111110111111111111111, sa_flags=SA_RESTART|SA_SIGINFO
SIGINT: [libjvm.dylib+0x486a7d], sa_mask[0]=11111111011111110111111111111111, sa_flags=SA_RESTART|SA_SIGINFO
SIGTERM: [libjvm.dylib+0x486a7d], sa_mask[0]=11111111011111110111111111111111, sa_flags=SA_RESTART|SA_SIGINFO
SIGQUIT: [libjvm.dylib+0x486a7d], sa_mask[0]=11111111011111110111111111111111, sa_flags=SA_RESTART|SA_SIGINFO


---------------  S Y S T E M  ---------------

OS:Bsduname:Darwin 14.5.0 Darwin Kernel Version 14.5.0: Wed Jul 29 02:26:53 PDT 2015; root:xnu-2782.40.9~1/RELEASE_X86_64 x86_64
rlimit: STACK 8192k, CORE 0k, NPROC 709, NOFILE 10240, AS infinity
load average:2.33 2.16 2.29

CPU:total 4 (initial active 4) (2 cores per cpu, 2 threads per core) family 6 model 58 stepping 9, cmov, cx8, fxsr, mmx, sse, sse2, sse3, ssse3, sse4.1, sse4.2, popcnt, avx, aes, clmul, erms, ht, tsc, tscinvbit, tscinv

Memory: 4k page, physical 4194304k(176568k free)

/proc/meminfo:


vm_info: Java HotSpot(TM) 64-Bit Server VM (25.131-b11) for bsd-amd64 JRE (1.8.0_131-b11), built on Mar 15 2017 01:32:22 by "java_re" with gcc 4.2.1 (Based on Apple Inc. build 5658) (LLVM build 2336.11.00)

time: Sun Aug 27 19:11:02 2017
elapsed time: 20 seconds (0d 0h 0m 20s)

